2025-09-13 17:37:14 | INFO | {'message': 'I just shared a story! It was funny.', 'author': 'Eve'}
2025-09-13 17:37:14 | INFO | Processed JSON message: {'message': 'I just shared a story! It was funny.', 'author': 'Eve'}
2025-09-13 17:37:14 | INFO | Message received from author: Eve
2025-09-13 17:37:14 | INFO | Updated author counts: {'Charlie': 310, 'Eve': 299, 'Bob': 298, 'Alice': 308}
2025-09-13 17:37:14 | INFO | Sent message to topic 'buzzline_json': {'message': 'Distributed systems are fascinating.', 'author': 'Bob'}
2025-09-13 17:37:14 | INFO | Chart updated successfully.
2025-09-13 17:37:17 | INFO | {'message': 'I just found a movie! It was exciting.', 'author': 'Eve'}
2025-09-13 17:37:17 | INFO | Sent message to topic 'buzzline_json': {'message': 'Kafka is awesome.', 'author': 'Alice'}
2025-09-13 17:37:17 | INFO | Processed JSON message: {'message': 'I just found a movie! It was exciting.', 'author': 'Eve'}
2025-09-13 17:37:17 | INFO | Message received from author: Eve
2025-09-13 17:37:17 | INFO | Updated author counts: {'Charlie': 310, 'Eve': 300, 'Bob': 298, 'Alice': 308}
2025-09-13 17:37:17 | INFO | Chart updated successfully.
2025-09-13 17:37:18 | INFO | Logging to file: logs/project_log.log
2025-09-13 17:37:18 | INFO | Log sanitization enabled, personal info removed
2025-09-13 17:37:18 | INFO | Project root: C:/Users/USER/buzzline-04-kabore
2025-09-13 17:37:18 | INFO | Data folder: C:/Users/USER/buzzline-04-kabore/data
2025-09-13 17:37:18 | INFO | Data file: C:/Users/USER/buzzline-04-kabore/data/smoker_temps.csv
2025-09-13 17:37:18 | INFO | START producer.
2025-09-13 17:37:18 | INFO | Kafka broker address: localhost:9092
2025-09-13 17:37:18 | INFO | Kafka is ready. Brokers: {'throttle_time_ms': 0, 'brokers': [{'node_id': 1, 'host': 'localhost', 'port': 9092, 'rack': None}], 'cluster_id': 'SMuszGUlSmWzBR_KmgwvGg', 'controller_id': 1}
2025-09-13 17:37:18 | INFO | Kafka topic: smoker_csv
2025-09-13 17:37:18 | INFO | Message interval: 5 seconds
2025-09-13 17:37:18 | INFO | Kafka broker address: localhost:9092
2025-09-13 17:37:18 | INFO | Connecting to Kafka broker at localhost:9092...
2025-09-13 17:37:19 | INFO | Kafka producer successfully created.
2025-09-13 17:37:19 | INFO | Kafka broker address: localhost:9092
2025-09-13 17:37:19 | INFO | Topic 'smoker_csv' already exists. Recreating fresh...
2025-09-13 17:37:19 | INFO | Requested deletion of topic 'smoker_csv'.
2025-09-13 17:37:20 | INFO | Topic 'smoker_csv' created successfully.
2025-09-13 17:37:20 | INFO | Kafka topic 'smoker_csv' is ready.
2025-09-13 17:37:20 | INFO | Starting message production to topic 'smoker_csv'...
2025-09-13 17:37:20 | INFO | Opening data file in read mode: C:/Users/USER/buzzline-04-kabore/data/smoker_temps.csv
2025-09-13 17:37:20 | INFO | Reading data from file: C:/Users/USER/buzzline-04-kabore/data/smoker_temps.csv
2025-09-13 17:37:20 | INFO | Sent message to topic 'smoker_csv': {'timestamp': '2025-09-13T21:37:20.154945', 'temperature': 70.4}
2025-09-13 17:37:20 | INFO | {'message': 'I just shared a trick! It was exciting.', 'author': 'Alice'}
2025-09-13 17:37:20 | INFO | Sent message to topic 'buzzline_json': {'message': 'Streaming data is fun.', 'author': 'Alice'}
2025-09-13 17:37:20 | INFO | Processed JSON message: {'message': 'I just shared a trick! It was exciting.', 'author': 'Alice'}
2025-09-13 17:37:20 | INFO | Message received from author: Alice
2025-09-13 17:37:20 | INFO | Updated author counts: {'Charlie': 310, 'Eve': 300, 'Bob': 298, 'Alice': 309}
2025-09-13 17:37:20 | INFO | Chart updated successfully.
2025-09-13 17:37:23 | INFO | {'message': 'I just tried a trick! It was funny.', 'author': 'Eve'}
2025-09-13 17:37:23 | INFO | Processed JSON message: {'message': 'I just tried a trick! It was funny.', 'author': 'Eve'}
2025-09-13 17:37:23 | INFO | Message received from author: Eve
2025-09-13 17:37:23 | INFO | Updated author counts: {'Charlie': 310, 'Eve': 301, 'Bob': 298, 'Alice': 309}
2025-09-13 17:37:23 | INFO | Chart updated successfully.
2025-09-13 17:37:23 | INFO | Sent message to topic 'buzzline_json': {'message': 'Have a great day!', 'author': 'Diana'}
2025-09-13 17:37:25 | INFO | Sent message to topic 'smoker_csv': {'timestamp': '2025-09-13T21:37:25.157977', 'temperature': 70.8}
2025-09-13 17:37:26 | INFO | {'message': 'I just shared a movie! It was boring.', 'author': 'Bob'}
2025-09-13 17:37:26 | INFO | Processed JSON message: {'message': 'I just shared a movie! It was boring.', 'author': 'Bob'}
2025-09-13 17:37:26 | INFO | Message received from author: Bob
2025-09-13 17:37:26 | INFO | Updated author counts: {'Charlie': 310, 'Eve': 301, 'Bob': 299, 'Alice': 309}
2025-09-13 17:37:26 | INFO | Chart updated successfully.
2025-09-13 17:37:26 | INFO | Sent message to topic 'buzzline_json': {'message': 'Streaming data is fun.', 'author': 'Alice'}
2025-09-13 17:37:29 | INFO | {'message': 'I just found a movie! It was boring.', 'author': 'Bob'}
2025-09-13 17:37:29 | INFO | Processed JSON message: {'message': 'I just found a movie! It was boring.', 'author': 'Bob'}
2025-09-13 17:37:29 | INFO | Message received from author: Bob
2025-09-13 17:37:29 | INFO | Updated author counts: {'Charlie': 310, 'Eve': 301, 'Bob': 300, 'Alice': 309}
2025-09-13 17:37:29 | INFO | Chart updated successfully.
2025-09-13 17:37:29 | INFO | Sent message to topic 'buzzline_json': {'message': 'This is a buzz message.', 'author': 'Diana'}
2025-09-13 17:37:30 | INFO | Sent message to topic 'smoker_csv': {'timestamp': '2025-09-13T21:37:30.164042', 'temperature': 71.2}
2025-09-13 17:37:32 | INFO | {'message': 'I just tried a meme! It was boring.', 'author': 'Charlie'}
2025-09-13 17:37:32 | INFO | Processed JSON message: {'message': 'I just tried a meme! It was boring.', 'author': 'Charlie'}
2025-09-13 17:37:32 | INFO | Message received from author: Charlie
2025-09-13 17:37:32 | INFO | Updated author counts: {'Charlie': 311, 'Eve': 301, 'Bob': 300, 'Alice': 309}
2025-09-13 17:37:32 | INFO | Chart updated successfully.
2025-09-13 17:37:32 | INFO | Sent message to topic 'buzzline_json': {'message': 'Data engineering is my passion.', 'author': 'Bob'}
2025-09-13 17:37:35 | INFO | Sent message to topic 'smoker_csv': {'timestamp': '2025-09-13T21:37:35.166889', 'temperature': 71.6}
2025-09-13 17:37:35 | INFO | {'message': 'I just saw a meme! It was weird.', 'author': 'Bob'}
2025-09-13 17:37:35 | INFO | Processed JSON message: {'message': 'I just saw a meme! It was weird.', 'author': 'Bob'}
2025-09-13 17:37:35 | INFO | Message received from author: Bob
2025-09-13 17:37:35 | INFO | Updated author counts: {'Charlie': 311, 'Eve': 301, 'Bob': 301, 'Alice': 309}
2025-09-13 17:37:35 | INFO | Sent message to topic 'buzzline_json': {'message': 'Have a great day!', 'author': 'Diana'}
2025-09-13 17:37:35 | INFO | Chart updated successfully.
2025-09-13 17:37:38 | INFO | {'message': 'I just loved a trick! It was funny.', 'author': 'Alice'}
2025-09-13 17:37:38 | INFO | Sent message to topic 'buzzline_json': {'message': 'Kafka is awesome.', 'author': 'Alice'}
2025-09-13 17:37:38 | INFO | Processed JSON message: {'message': 'I just loved a trick! It was funny.', 'author': 'Alice'}
2025-09-13 17:37:38 | INFO | Message received from author: Alice
2025-09-13 17:37:38 | INFO | Updated author counts: {'Charlie': 311, 'Eve': 301, 'Bob': 301, 'Alice': 310}
2025-09-13 17:37:38 | INFO | Chart updated successfully.
2025-09-13 17:37:40 | INFO | Sent message to topic 'smoker_csv': {'timestamp': '2025-09-13T21:37:40.171121', 'temperature': 72.0}
2025-09-13 17:37:41 | INFO | {'message': 'I just found a meme! It was amazing.', 'author': 'Bob'}
2025-09-13 17:37:41 | INFO | Sent message to topic 'buzzline_json': {'message': 'Kafka is awesome.', 'author': 'Eve'}
2025-09-13 17:37:41 | INFO | Processed JSON message: {'message': 'I just found a meme! It was amazing.', 'author': 'Bob'}
2025-09-13 17:37:41 | INFO | Message received from author: Bob
2025-09-13 17:37:41 | INFO | Updated author counts: {'Charlie': 311, 'Eve': 301, 'Bob': 302, 'Alice': 310}
2025-09-13 17:37:41 | INFO | Chart updated successfully.
2025-09-13 17:37:44 | INFO | {'message': 'I just shared a movie! It was boring.', 'author': 'Charlie'}
2025-09-13 17:37:44 | INFO | Processed JSON message: {'message': 'I just shared a movie! It was boring.', 'author': 'Charlie'}
2025-09-13 17:37:44 | INFO | Message received from author: Charlie
2025-09-13 17:37:44 | INFO | Updated author counts: {'Charlie': 312, 'Eve': 301, 'Bob': 302, 'Alice': 310}
2025-09-13 17:37:44 | INFO | Chart updated successfully.
2025-09-13 17:37:44 | INFO | Sent message to topic 'buzzline_json': {'message': 'Have a great day!', 'author': 'Diana'}
2025-09-13 17:37:45 | INFO | Sent message to topic 'smoker_csv': {'timestamp': '2025-09-13T21:37:45.175993', 'temperature': 72.4}
2025-09-13 17:37:47 | INFO | {'message': 'I just loved a movie! It was funny.', 'author': 'Alice'}
2025-09-13 17:37:47 | INFO | Processed JSON message: {'message': 'I just loved a movie! It was funny.', 'author': 'Alice'}
2025-09-13 17:37:47 | INFO | Message received from author: Alice
2025-09-13 17:37:47 | INFO | Updated author counts: {'Charlie': 312, 'Eve': 301, 'Bob': 302, 'Alice': 311}
2025-09-13 17:37:47 | INFO | Chart updated successfully.
2025-09-13 17:37:47 | INFO | Sent message to topic 'buzzline_json': {'message': 'Buzz messages for everyone.', 'author': 'Charlie'}
2025-09-13 17:37:50 | INFO | Sent message to topic 'smoker_csv': {'timestamp': '2025-09-13T21:37:50.183016', 'temperature': 72.8}
2025-09-13 17:37:50 | INFO | {'message': 'I just loved a movie! It was weird.', 'author': 'Bob'}
2025-09-13 17:37:50 | INFO | Processed JSON message: {'message': 'I just loved a movie! It was weird.', 'author': 'Bob'}
2025-09-13 17:37:50 | INFO | Message received from author: Bob
2025-09-13 17:37:50 | INFO | Updated author counts: {'Charlie': 312, 'Eve': 301, 'Bob': 303, 'Alice': 311}
2025-09-13 17:37:50 | INFO | Chart updated successfully.
2025-09-13 17:37:50 | INFO | Sent message to topic 'buzzline_json': {'message': 'This is a buzz message.', 'author': 'Charlie'}
2025-09-13 17:37:53 | INFO | {'message': 'I just found a story! It was funny.', 'author': 'Eve'}
2025-09-13 17:37:53 | INFO | Processed JSON message: {'message': 'I just found a story! It was funny.', 'author': 'Eve'}
2025-09-13 17:37:53 | INFO | Message received from author: Eve
2025-09-13 17:37:53 | INFO | Updated author counts: {'Charlie': 312, 'Eve': 302, 'Bob': 303, 'Alice': 311}
2025-09-13 17:37:53 | INFO | Chart updated successfully.
2025-09-13 17:37:53 | INFO | Sent message to topic 'buzzline_json': {'message': 'Streaming data is fun.', 'author': 'Alice'}
2025-09-13 17:37:55 | INFO | Sent message to topic 'smoker_csv': {'timestamp': '2025-09-13T21:37:55.187401', 'temperature': 73.2}
2025-09-13 17:37:56 | INFO | {'message': 'I just tried a trick! It was exciting.', 'author': 'Charlie'}
2025-09-13 17:37:56 | INFO | Processed JSON message: {'message': 'I just tried a trick! It was exciting.', 'author': 'Charlie'}
2025-09-13 17:37:56 | INFO | Message received from author: Charlie
2025-09-13 17:37:56 | INFO | Updated author counts: {'Charlie': 313, 'Eve': 302, 'Bob': 303, 'Alice': 311}
2025-09-13 17:37:56 | INFO | Sent message to topic 'buzzline_json': {'message': 'Hello, Kafka world!', 'author': 'Diana'}
2025-09-13 17:37:56 | INFO | Chart updated successfully.
2025-09-13 17:37:59 | INFO | {'message': 'I just found a trick! It was funny.', 'author': 'Eve'}
2025-09-13 17:37:59 | INFO | Sent message to topic 'buzzline_json': {'message': 'Kafka is awesome.', 'author': 'Bob'}
2025-09-13 17:37:59 | INFO | Processed JSON message: {'message': 'I just found a trick! It was funny.', 'author': 'Eve'}
2025-09-13 17:37:59 | INFO | Message received from author: Eve
2025-09-13 17:37:59 | INFO | Updated author counts: {'Charlie': 313, 'Eve': 303, 'Bob': 303, 'Alice': 311}
2025-09-13 17:37:59 | INFO | Chart updated successfully.
2025-09-13 17:38:00 | INFO | Sent message to topic 'smoker_csv': {'timestamp': '2025-09-13T21:38:00.193717', 'temperature': 73.6}
2025-09-13 17:38:02 | INFO | {'message': 'I just saw an app! It was weird.', 'author': 'Alice'}
2025-09-13 17:38:02 | INFO | Sent message to topic 'buzzline_json': {'message': 'I love Python!', 'author': 'Eve'}
2025-09-13 17:38:02 | INFO | Processed JSON message: {'message': 'I just saw an app! It was weird.', 'author': 'Alice'}
2025-09-13 17:38:02 | INFO | Message received from author: Alice
2025-09-13 17:38:02 | INFO | Updated author counts: {'Charlie': 313, 'Eve': 303, 'Bob': 303, 'Alice': 312}
2025-09-13 17:38:02 | INFO | Chart updated successfully.
2025-09-13 17:38:05 | INFO | Sent message to topic 'smoker_csv': {'timestamp': '2025-09-13T21:38:05.195724', 'temperature': 74.0}
2025-09-13 17:38:05 | INFO | {'message': 'I just found an app! It was funny.', 'author': 'Alice'}
2025-09-13 17:38:05 | INFO | Processed JSON message: {'message': 'I just found an app! It was funny.', 'author': 'Alice'}
2025-09-13 17:38:05 | INFO | Message received from author: Alice
2025-09-13 17:38:05 | INFO | Updated author counts: {'Charlie': 313, 'Eve': 303, 'Bob': 303, 'Alice': 313}
2025-09-13 17:38:05 | INFO | Chart updated successfully.
2025-09-13 17:38:05 | INFO | Sent message to topic 'buzzline_json': {'message': 'JSON makes life easier.', 'author': 'Charlie'}
2025-09-13 17:38:08 | INFO | {'message': 'I just loved a movie! It was boring.', 'author': 'Eve'}
2025-09-13 17:38:08 | INFO | Processed JSON message: {'message': 'I just loved a movie! It was boring.', 'author': 'Eve'}
2025-09-13 17:38:08 | INFO | Message received from author: Eve
2025-09-13 17:38:08 | INFO | Updated author counts: {'Charlie': 313, 'Eve': 304, 'Bob': 303, 'Alice': 313}
2025-09-13 17:38:08 | INFO | Chart updated successfully.
2025-09-13 17:38:08 | INFO | Sent message to topic 'buzzline_json': {'message': 'I love Python!', 'author': 'Charlie'}
2025-09-13 17:38:10 | INFO | Sent message to topic 'smoker_csv': {'timestamp': '2025-09-13T21:38:10.203188', 'temperature': 74.4}
2025-09-13 17:38:11 | INFO | {'message': 'I just saw a story! It was amazing.', 'author': 'Bob'}
2025-09-13 17:38:11 | INFO | Processed JSON message: {'message': 'I just saw a story! It was amazing.', 'author': 'Bob'}
2025-09-13 17:38:11 | INFO | Message received from author: Bob
2025-09-13 17:38:11 | INFO | Updated author counts: {'Charlie': 313, 'Eve': 304, 'Bob': 304, 'Alice': 313}
2025-09-13 17:38:11 | INFO | Chart updated successfully.
2025-09-13 17:38:11 | INFO | Sent message to topic 'buzzline_json': {'message': 'I love Python!', 'author': 'Charlie'}
2025-09-13 17:38:14 | INFO | {'message': 'I just found an app! It was exciting.', 'author': 'Eve'}
2025-09-13 17:38:14 | INFO | Processed JSON message: {'message': 'I just found an app! It was exciting.', 'author': 'Eve'}
2025-09-13 17:38:14 | INFO | Message received from author: Eve
2025-09-13 17:38:14 | INFO | Updated author counts: {'Charlie': 313, 'Eve': 305, 'Bob': 304, 'Alice': 313}
2025-09-13 17:38:14 | INFO | Chart updated successfully.
2025-09-13 17:38:14 | INFO | Sent message to topic 'buzzline_json': {'message': 'I love Python!', 'author': 'Diana'}
2025-09-13 17:38:15 | INFO | Sent message to topic 'smoker_csv': {'timestamp': '2025-09-13T21:38:15.210080', 'temperature': 74.8}
2025-09-13 17:38:17 | INFO | {'message': 'I just loved an app! It was exciting.', 'author': 'Charlie'}
2025-09-13 17:38:17 | INFO | Processed JSON message: {'message': 'I just loved an app! It was exciting.', 'author': 'Charlie'}
2025-09-13 17:38:17 | INFO | Message received from author: Charlie
2025-09-13 17:38:17 | INFO | Updated author counts: {'Charlie': 314, 'Eve': 305, 'Bob': 304, 'Alice': 313}
2025-09-13 17:38:17 | INFO | Chart updated successfully.
2025-09-13 17:38:17 | INFO | Sent message to topic 'buzzline_json': {'message': 'Streaming data is fun.', 'author': 'Diana'}
2025-09-13 17:38:20 | INFO | Sent message to topic 'smoker_csv': {'timestamp': '2025-09-13T21:38:20.213690', 'temperature': 75.2}
2025-09-13 17:38:20 | INFO | {'message': 'I just tried an app! It was funny.', 'author': 'Alice'}
2025-09-13 17:38:20 | INFO | Processed JSON message: {'message': 'I just tried an app! It was funny.', 'author': 'Alice'}
2025-09-13 17:38:20 | INFO | Message received from author: Alice
2025-09-13 17:38:20 | INFO | Updated author counts: {'Charlie': 314, 'Eve': 305, 'Bob': 304, 'Alice': 314}
2025-09-13 17:38:20 | INFO | Sent message to topic 'buzzline_json': {'message': 'Data engineering is my passion.', 'author': 'Eve'}
2025-09-13 17:38:20 | INFO | Chart updated successfully.
2025-09-13 17:38:23 | INFO | {'message': 'I just saw a meme! It was funny.', 'author': 'Eve'}
2025-09-13 17:38:23 | INFO | Sent message to topic 'buzzline_json': {'message': 'Buzz messages for everyone.', 'author': 'Eve'}
2025-09-13 17:38:23 | INFO | Processed JSON message: {'message': 'I just saw a meme! It was funny.', 'author': 'Eve'}
2025-09-13 17:38:23 | INFO | Message received from author: Eve
2025-09-13 17:38:23 | INFO | Updated author counts: {'Charlie': 314, 'Eve': 306, 'Bob': 304, 'Alice': 314}
2025-09-13 17:38:23 | INFO | Chart updated successfully.
2025-09-13 17:38:25 | INFO | Sent message to topic 'smoker_csv': {'timestamp': '2025-09-13T21:38:25.215776', 'temperature': 75.6}
2025-09-13 17:38:26 | INFO | {'message': 'I just saw a trick! It was exciting.', 'author': 'Charlie'}
2025-09-13 17:38:26 | INFO | Sent message to topic 'buzzline_json': {'message': 'JSON makes life easier.', 'author': 'Eve'}
2025-09-13 17:38:26 | INFO | Processed JSON message: {'message': 'I just saw a trick! It was exciting.', 'author': 'Charlie'}
2025-09-13 17:38:26 | INFO | Message received from author: Charlie
2025-09-13 17:38:26 | INFO | Updated author counts: {'Charlie': 315, 'Eve': 306, 'Bob': 304, 'Alice': 314}
2025-09-13 17:38:27 | INFO | Chart updated successfully.
2025-09-13 17:38:29 | INFO | {'message': 'I just loved a movie! It was boring.', 'author': 'Bob'}
2025-09-13 17:38:29 | INFO | Processed JSON message: {'message': 'I just loved a movie! It was boring.', 'author': 'Bob'}
2025-09-13 17:38:29 | INFO | Message received from author: Bob
2025-09-13 17:38:29 | INFO | Updated author counts: {'Charlie': 315, 'Eve': 306, 'Bob': 305, 'Alice': 314}
2025-09-13 17:38:29 | INFO | Chart updated successfully.
2025-09-13 17:38:29 | INFO | Sent message to topic 'buzzline_json': {'message': 'Have a great day!', 'author': 'Alice'}
2025-09-13 17:38:30 | INFO | Sent message to topic 'smoker_csv': {'timestamp': '2025-09-13T21:38:30.219780', 'temperature': 76.0}
2025-09-13 17:38:32 | INFO | {'message': 'I just saw a movie! It was amazing.', 'author': 'Charlie'}
2025-09-13 17:38:32 | INFO | Processed JSON message: {'message': 'I just saw a movie! It was amazing.', 'author': 'Charlie'}
2025-09-13 17:38:32 | INFO | Message received from author: Charlie
2025-09-13 17:38:32 | INFO | Updated author counts: {'Charlie': 316, 'Eve': 306, 'Bob': 305, 'Alice': 314}
2025-09-13 17:38:32 | INFO | Chart updated successfully.
2025-09-13 17:38:32 | INFO | Sent message to topic 'buzzline_json': {'message': 'I love Python!', 'author': 'Bob'}
2025-09-13 17:38:35 | INFO | Sent message to topic 'smoker_csv': {'timestamp': '2025-09-13T21:38:35.222027', 'temperature': 76.4}
2025-09-13 17:38:35 | INFO | {'message': 'I just saw a meme! It was exciting.', 'author': 'Eve'}
2025-09-13 17:38:35 | INFO | Processed JSON message: {'message': 'I just saw a meme! It was exciting.', 'author': 'Eve'}
2025-09-13 17:38:35 | INFO | Message received from author: Eve
2025-09-13 17:38:35 | INFO | Updated author counts: {'Charlie': 316, 'Eve': 307, 'Bob': 305, 'Alice': 314}
2025-09-13 17:38:35 | INFO | Chart updated successfully.
2025-09-13 17:38:35 | INFO | Sent message to topic 'buzzline_json': {'message': 'I love Python!', 'author': 'Bob'}
2025-09-13 17:38:38 | INFO | {'message': 'I just found a trick! It was weird.', 'author': 'Bob'}
2025-09-13 17:38:38 | INFO | Processed JSON message: {'message': 'I just found a trick! It was weird.', 'author': 'Bob'}
2025-09-13 17:38:38 | INFO | Message received from author: Bob
2025-09-13 17:38:38 | INFO | Updated author counts: {'Charlie': 316, 'Eve': 307, 'Bob': 306, 'Alice': 314}
2025-09-13 17:38:38 | INFO | Chart updated successfully.
2025-09-13 17:38:38 | INFO | Sent message to topic 'buzzline_json': {'message': 'This is a buzz message.', 'author': 'Eve'}
2025-09-13 17:38:40 | INFO | Sent message to topic 'smoker_csv': {'timestamp': '2025-09-13T21:38:40.225007', 'temperature': 76.8}
2025-09-13 17:38:41 | INFO | {'message': 'I just saw a trick! It was exciting.', 'author': 'Charlie'}
2025-09-13 17:38:41 | INFO | Processed JSON message: {'message': 'I just saw a trick! It was exciting.', 'author': 'Charlie'}
2025-09-13 17:38:41 | INFO | Message received from author: Charlie
2025-09-13 17:38:41 | INFO | Updated author counts: {'Charlie': 317, 'Eve': 307, 'Bob': 306, 'Alice': 314}
2025-09-13 17:38:41 | INFO | Sent message to topic 'buzzline_json': {'message': 'This is a buzz message.', 'author': 'Alice'}
2025-09-13 17:38:41 | INFO | Chart updated successfully.
2025-09-13 17:38:44 | INFO | {'message': 'I just tried an app! It was weird.', 'author': 'Alice'}
2025-09-13 17:38:44 | INFO | Sent message to topic 'buzzline_json': {'message': 'Distributed systems are fascinating.', 'author': 'Diana'}
2025-09-13 17:38:44 | INFO | Processed JSON message: {'message': 'I just tried an app! It was weird.', 'author': 'Alice'}
2025-09-13 17:38:44 | INFO | Message received from author: Alice
2025-09-13 17:38:44 | INFO | Updated author counts: {'Charlie': 317, 'Eve': 307, 'Bob': 306, 'Alice': 315}
2025-09-13 17:38:44 | INFO | Chart updated successfully.
2025-09-13 17:38:45 | INFO | Sent message to topic 'smoker_csv': {'timestamp': '2025-09-13T21:38:45.231416', 'temperature': 77.2}
2025-09-13 17:38:47 | INFO | {'message': 'I just shared a story! It was weird.', 'author': 'Alice'}
2025-09-13 17:38:47 | INFO | Sent message to topic 'buzzline_json': {'message': 'Streaming data is fun.', 'author': 'Eve'}
2025-09-13 17:38:47 | INFO | Processed JSON message: {'message': 'I just shared a story! It was weird.', 'author': 'Alice'}
2025-09-13 17:38:47 | INFO | Message received from author: Alice
2025-09-13 17:38:47 | INFO | Updated author counts: {'Charlie': 317, 'Eve': 307, 'Bob': 306, 'Alice': 316}
2025-09-13 17:38:48 | INFO | Chart updated successfully.
2025-09-13 17:38:50 | INFO | Sent message to topic 'smoker_csv': {'timestamp': '2025-09-13T21:38:50.233858', 'temperature': 77.6}
2025-09-13 17:38:50 | INFO | {'message': 'I just loved a meme! It was boring.', 'author': 'Alice'}
2025-09-13 17:38:50 | INFO | Sent message to topic 'buzzline_json': {'message': 'Have a great day!', 'author': 'Charlie'}
2025-09-13 17:38:51 | INFO | Processed JSON message: {'message': 'I just loved a meme! It was boring.', 'author': 'Alice'}
2025-09-13 17:38:51 | INFO | Message received from author: Alice
2025-09-13 17:38:51 | INFO | Updated author counts: {'Charlie': 317, 'Eve': 307, 'Bob': 306, 'Alice': 317}
2025-09-13 17:38:51 | INFO | Chart updated successfully.
2025-09-13 17:38:53 | INFO | {'message': 'I just saw an app! It was exciting.', 'author': 'Bob'}
2025-09-13 17:38:53 | INFO | Processed JSON message: {'message': 'I just saw an app! It was exciting.', 'author': 'Bob'}
2025-09-13 17:38:53 | INFO | Message received from author: Bob
2025-09-13 17:38:53 | INFO | Updated author counts: {'Charlie': 317, 'Eve': 307, 'Bob': 307, 'Alice': 317}
2025-09-13 17:38:53 | INFO | Chart updated successfully.
2025-09-13 17:38:53 | INFO | Sent message to topic 'buzzline_json': {'message': 'JSON makes life easier.', 'author': 'Eve'}
2025-09-13 17:38:55 | INFO | Sent message to topic 'smoker_csv': {'timestamp': '2025-09-13T21:38:55.239835', 'temperature': 78.0}
2025-09-13 17:38:56 | INFO | {'message': 'I just found a meme! It was weird.', 'author': 'Alice'}
2025-09-13 17:38:56 | INFO | Processed JSON message: {'message': 'I just found a meme! It was weird.', 'author': 'Alice'}
2025-09-13 17:38:56 | INFO | Message received from author: Alice
2025-09-13 17:38:56 | INFO | Updated author counts: {'Charlie': 317, 'Eve': 307, 'Bob': 307, 'Alice': 318}
2025-09-13 17:38:56 | INFO | Chart updated successfully.
2025-09-13 17:38:56 | INFO | Sent message to topic 'buzzline_json': {'message': 'Buzz messages for everyone.', 'author': 'Diana'}
2025-09-13 17:38:59 | INFO | {'message': 'I just found a story! It was weird.', 'author': 'Eve'}
2025-09-13 17:38:59 | INFO | Processed JSON message: {'message': 'I just found a story! It was weird.', 'author': 'Eve'}
2025-09-13 17:38:59 | INFO | Message received from author: Eve
2025-09-13 17:38:59 | INFO | Updated author counts: {'Charlie': 317, 'Eve': 308, 'Bob': 307, 'Alice': 318}
2025-09-13 17:38:59 | INFO | Chart updated successfully.
2025-09-13 17:38:59 | INFO | Sent message to topic 'buzzline_json': {'message': 'This is a buzz message.', 'author': 'Charlie'}
2025-09-13 17:39:00 | INFO | Sent message to topic 'smoker_csv': {'timestamp': '2025-09-13T21:39:00.244129', 'temperature': 78.4}
2025-09-13 17:39:02 | INFO | {'message': 'I just found a trick! It was funny.', 'author': 'Alice'}
2025-09-13 17:39:02 | INFO | Processed JSON message: {'message': 'I just found a trick! It was funny.', 'author': 'Alice'}
2025-09-13 17:39:02 | INFO | Message received from author: Alice
2025-09-13 17:39:02 | INFO | Updated author counts: {'Charlie': 317, 'Eve': 308, 'Bob': 307, 'Alice': 319}
2025-09-13 17:39:02 | INFO | Chart updated successfully.
2025-09-13 17:39:02 | INFO | Sent message to topic 'buzzline_json': {'message': 'Distributed systems are fascinating.', 'author': 'Charlie'}
2025-09-13 17:39:05 | INFO | Sent message to topic 'smoker_csv': {'timestamp': '2025-09-13T21:39:05.246251', 'temperature': 78.8}
2025-09-13 17:39:05 | INFO | {'message': 'I just found an app! It was boring.', 'author': 'Eve'}
2025-09-13 17:39:05 | INFO | Processed JSON message: {'message': 'I just found an app! It was boring.', 'author': 'Eve'}
2025-09-13 17:39:05 | INFO | Message received from author: Eve
2025-09-13 17:39:05 | INFO | Updated author counts: {'Charlie': 317, 'Eve': 309, 'Bob': 307, 'Alice': 319}
2025-09-13 17:39:05 | INFO | Sent message to topic 'buzzline_json': {'message': 'Buzz messages for everyone.', 'author': 'Bob'}
2025-09-13 17:39:05 | INFO | Chart updated successfully.
2025-09-13 17:39:08 | INFO | {'message': 'I just shared a meme! It was weird.', 'author': 'Bob'}
2025-09-13 17:39:08 | INFO | Sent message to topic 'buzzline_json': {'message': 'This is a buzz message.', 'author': 'Eve'}
2025-09-13 17:39:08 | INFO | Processed JSON message: {'message': 'I just shared a meme! It was weird.', 'author': 'Bob'}
2025-09-13 17:39:08 | INFO | Message received from author: Bob
2025-09-13 17:39:08 | INFO | Updated author counts: {'Charlie': 317, 'Eve': 309, 'Bob': 308, 'Alice': 319}
2025-09-13 17:39:08 | INFO | Chart updated successfully.
2025-09-13 17:39:10 | INFO | Sent message to topic 'smoker_csv': {'timestamp': '2025-09-13T21:39:10.248403', 'temperature': 79.2}
2025-09-13 17:39:11 | INFO | {'message': 'I just tried a story! It was weird.', 'author': 'Bob'}
2025-09-13 17:39:11 | INFO | Sent message to topic 'buzzline_json': {'message': 'Data engineering is my passion.', 'author': 'Diana'}
2025-09-13 17:39:12 | INFO | Processed JSON message: {'message': 'I just tried a story! It was weird.', 'author': 'Bob'}
2025-09-13 17:39:12 | INFO | Message received from author: Bob
2025-09-13 17:39:12 | INFO | Updated author counts: {'Charlie': 317, 'Eve': 309, 'Bob': 309, 'Alice': 319}
2025-09-13 17:39:12 | INFO | Chart updated successfully.
2025-09-13 17:39:14 | INFO | {'message': 'I just tried a story! It was weird.', 'author': 'Eve'}
2025-09-13 17:39:14 | INFO | Processed JSON message: {'message': 'I just tried a story! It was weird.', 'author': 'Eve'}
2025-09-13 17:39:14 | INFO | Message received from author: Eve
2025-09-13 17:39:14 | INFO | Updated author counts: {'Charlie': 317, 'Eve': 310, 'Bob': 309, 'Alice': 319}
2025-09-13 17:39:14 | INFO | Chart updated successfully.
2025-09-13 17:39:14 | INFO | Sent message to topic 'buzzline_json': {'message': 'Data engineering is my passion.', 'author': 'Alice'}
2025-09-13 17:39:15 | INFO | Sent message to topic 'smoker_csv': {'timestamp': '2025-09-13T21:39:15.251995', 'temperature': 79.6}
2025-09-13 17:39:17 | INFO | {'message': 'I just saw a movie! It was weird.', 'author': 'Bob'}
2025-09-13 17:39:17 | INFO | Processed JSON message: {'message': 'I just saw a movie! It was weird.', 'author': 'Bob'}
2025-09-13 17:39:17 | INFO | Message received from author: Bob
2025-09-13 17:39:17 | INFO | Updated author counts: {'Charlie': 317, 'Eve': 310, 'Bob': 310, 'Alice': 319}
2025-09-13 17:39:17 | INFO | Chart updated successfully.
2025-09-13 17:39:17 | INFO | Sent message to topic 'buzzline_json': {'message': 'Buzz messages for everyone.', 'author': 'Diana'}
2025-09-13 17:39:20 | INFO | Sent message to topic 'smoker_csv': {'timestamp': '2025-09-13T21:39:20.257866', 'temperature': 80.0}
2025-09-13 17:39:20 | INFO | {'message': 'I just found a meme! It was boring.', 'author': 'Charlie'}
2025-09-13 17:39:20 | INFO | Processed JSON message: {'message': 'I just found a meme! It was boring.', 'author': 'Charlie'}
2025-09-13 17:39:20 | INFO | Message received from author: Charlie
2025-09-13 17:39:20 | INFO | Updated author counts: {'Charlie': 318, 'Eve': 310, 'Bob': 310, 'Alice': 319}
2025-09-13 17:39:20 | INFO | Sent message to topic 'buzzline_json': {'message': 'JSON makes life easier.', 'author': 'Alice'}
2025-09-13 17:39:20 | INFO | Chart updated successfully.
2025-09-13 17:39:23 | INFO | {'message': 'I just saw a trick! It was funny.', 'author': 'Eve'}
2025-09-13 17:39:23 | INFO | Opening data file in read mode: C:/Users/USER/buzzline-04-kabore/data/buzz.json
2025-09-13 17:39:23 | INFO | Reading data from file: C:/Users/USER/buzzline-04-kabore/data/buzz.json
2025-09-13 17:39:23 | INFO | Sent message to topic 'buzzline_json': {'message': 'Data engineering is my passion.', 'author': 'Eve'}
2025-09-13 17:39:23 | INFO | Processed JSON message: {'message': 'I just saw a trick! It was funny.', 'author': 'Eve'}
2025-09-13 17:39:23 | INFO | Message received from author: Eve
2025-09-13 17:39:23 | INFO | Updated author counts: {'Charlie': 318, 'Eve': 311, 'Bob': 310, 'Alice': 319}
2025-09-13 17:39:24 | INFO | Chart updated successfully.
2025-09-13 17:39:25 | INFO | Sent message to topic 'smoker_csv': {'timestamp': '2025-09-13T21:39:25.259517', 'temperature': 80.4}
2025-09-13 17:39:26 | INFO | {'message': 'I just saw a meme! It was amazing.', 'author': 'Bob'}
2025-09-13 17:39:26 | INFO | Sent message to topic 'buzzline_json': {'message': 'Distributed systems are fascinating.', 'author': 'Alice'}
2025-09-13 17:39:27 | INFO | Processed JSON message: {'message': 'I just saw a meme! It was amazing.', 'author': 'Bob'}
2025-09-13 17:39:27 | INFO | Message received from author: Bob
2025-09-13 17:39:27 | INFO | Updated author counts: {'Charlie': 318, 'Eve': 311, 'Bob': 311, 'Alice': 319}
2025-09-13 17:39:27 | INFO | Chart updated successfully.
2025-09-13 17:39:29 | INFO | {'message': 'I just saw a story! It was amazing.', 'author': 'Eve'}
2025-09-13 17:39:29 | INFO | Processed JSON message: {'message': 'I just saw a story! It was amazing.', 'author': 'Eve'}
2025-09-13 17:39:29 | INFO | Message received from author: Eve
2025-09-13 17:39:29 | INFO | Updated author counts: {'Charlie': 318, 'Eve': 312, 'Bob': 311, 'Alice': 319}
2025-09-13 17:39:29 | INFO | Chart updated successfully.
2025-09-13 17:39:29 | INFO | Sent message to topic 'buzzline_json': {'message': 'Have a great day!', 'author': 'Charlie'}
2025-09-13 17:39:30 | INFO | Sent message to topic 'smoker_csv': {'timestamp': '2025-09-13T21:39:30.262195', 'temperature': 80.8}
2025-09-13 17:39:32 | INFO | {'message': 'I just saw an app! It was amazing.', 'author': 'Eve'}
2025-09-13 17:39:32 | INFO | Processed JSON message: {'message': 'I just saw an app! It was amazing.', 'author': 'Eve'}
2025-09-13 17:39:32 | INFO | Message received from author: Eve
2025-09-13 17:39:32 | INFO | Updated author counts: {'Charlie': 318, 'Eve': 313, 'Bob': 311, 'Alice': 319}
2025-09-13 17:39:32 | INFO | Chart updated successfully.
2025-09-13 17:39:32 | INFO | Sent message to topic 'buzzline_json': {'message': 'Data engineering is my passion.', 'author': 'Alice'}
2025-09-13 17:39:35 | INFO | Sent message to topic 'smoker_csv': {'timestamp': '2025-09-13T21:39:35.264334', 'temperature': 81.2}
2025-09-13 17:39:35 | INFO | {'message': 'I just tried an app! It was amazing.', 'author': 'Alice'}
2025-09-13 17:39:35 | INFO | Processed JSON message: {'message': 'I just tried an app! It was amazing.', 'author': 'Alice'}
2025-09-13 17:39:35 | INFO | Message received from author: Alice
2025-09-13 17:39:35 | INFO | Updated author counts: {'Charlie': 318, 'Eve': 313, 'Bob': 311, 'Alice': 320}
2025-09-13 17:39:35 | INFO | Chart updated successfully.
2025-09-13 17:39:35 | INFO | Sent message to topic 'buzzline_json': {'message': 'Distributed systems are fascinating.', 'author': 'Diana'}
2025-09-13 17:39:38 | INFO | {'message': 'I just tried an app! It was boring.', 'author': 'Alice'}
2025-09-13 17:39:38 | INFO | Processed JSON message: {'message': 'I just tried an app! It was boring.', 'author': 'Alice'}
2025-09-13 17:39:38 | INFO | Message received from author: Alice
2025-09-13 17:39:38 | INFO | Updated author counts: {'Charlie': 318, 'Eve': 313, 'Bob': 311, 'Alice': 321}
2025-09-13 17:39:38 | INFO | Sent message to topic 'buzzline_json': {'message': 'Buzz messages for everyone.', 'author': 'Alice'}
2025-09-13 17:39:38 | INFO | Chart updated successfully.
2025-09-13 17:39:40 | INFO | Sent message to topic 'smoker_csv': {'timestamp': '2025-09-13T21:39:40.266376', 'temperature': 81.6}
2025-09-13 17:39:41 | INFO | {'message': 'I just found a trick! It was boring.', 'author': 'Eve'}
2025-09-13 17:39:41 | INFO | Sent message to topic 'buzzline_json': {'message': 'Hello, Kafka world!', 'author': 'Diana'}
2025-09-13 17:39:41 | INFO | Processed JSON message: {'message': 'I just found a trick! It was boring.', 'author': 'Eve'}
2025-09-13 17:39:41 | INFO | Message received from author: Eve
2025-09-13 17:39:41 | INFO | Updated author counts: {'Charlie': 318, 'Eve': 314, 'Bob': 311, 'Alice': 321}
2025-09-13 17:39:42 | INFO | Chart updated successfully.
2025-09-13 17:39:44 | INFO | {'message': 'I just shared an app! It was weird.', 'author': 'Eve'}
2025-09-13 17:39:44 | INFO | Sent message to topic 'buzzline_json': {'message': 'This is a buzz message.', 'author': 'Eve'}
2025-09-13 17:39:45 | INFO | Processed JSON message: {'message': 'I just shared an app! It was weird.', 'author': 'Eve'}
2025-09-13 17:39:45 | INFO | Message received from author: Eve
2025-09-13 17:39:45 | INFO | Updated author counts: {'Charlie': 318, 'Eve': 315, 'Bob': 311, 'Alice': 321}
2025-09-13 17:39:45 | INFO | Chart updated successfully.
2025-09-13 17:39:45 | INFO | Sent message to topic 'smoker_csv': {'timestamp': '2025-09-13T21:39:45.269945', 'temperature': 82.0}
2025-09-13 17:39:47 | INFO | {'message': 'I just shared a story! It was funny.', 'author': 'Charlie'}
2025-09-13 17:39:47 | INFO | Processed JSON message: {'message': 'I just shared a story! It was funny.', 'author': 'Charlie'}
2025-09-13 17:39:47 | INFO | Message received from author: Charlie
2025-09-13 17:39:47 | INFO | Updated author counts: {'Charlie': 319, 'Eve': 315, 'Bob': 311, 'Alice': 321}
2025-09-13 17:39:47 | INFO | Chart updated successfully.
2025-09-13 17:39:47 | INFO | Sent message to topic 'buzzline_json': {'message': 'JSON makes life easier.', 'author': 'Eve'}
2025-09-13 17:39:50 | INFO | Sent message to topic 'smoker_csv': {'timestamp': '2025-09-13T21:39:50.273033', 'temperature': 82.4}
2025-09-13 17:39:50 | INFO | {'message': 'I just loved a meme! It was weird.', 'author': 'Bob'}
2025-09-13 17:39:50 | INFO | Processed JSON message: {'message': 'I just loved a meme! It was weird.', 'author': 'Bob'}
2025-09-13 17:39:50 | INFO | Message received from author: Bob
2025-09-13 17:39:50 | INFO | Updated author counts: {'Charlie': 319, 'Eve': 315, 'Bob': 312, 'Alice': 321}
2025-09-13 17:39:50 | INFO | Chart updated successfully.
2025-09-13 17:39:50 | INFO | Sent message to topic 'buzzline_json': {'message': 'JSON makes life easier.', 'author': 'Alice'}
2025-09-13 17:39:53 | INFO | {'message': 'I just saw a trick! It was weird.', 'author': 'Eve'}
2025-09-13 17:39:53 | INFO | Processed JSON message: {'message': 'I just saw a trick! It was weird.', 'author': 'Eve'}
2025-09-13 17:39:53 | INFO | Message received from author: Eve
2025-09-13 17:39:53 | INFO | Updated author counts: {'Charlie': 319, 'Eve': 316, 'Bob': 312, 'Alice': 321}
2025-09-13 17:39:53 | INFO | Chart updated successfully.
2025-09-13 17:39:53 | INFO | Sent message to topic 'buzzline_json': {'message': 'Data engineering is my passion.', 'author': 'Diana'}
2025-09-13 17:39:55 | INFO | Sent message to topic 'smoker_csv': {'timestamp': '2025-09-13T21:39:55.277577', 'temperature': 82.8}
2025-09-13 17:39:56 | INFO | {'message': 'I just found a trick! It was funny.', 'author': 'Charlie'}
2025-09-13 17:39:56 | INFO | Processed JSON message: {'message': 'I just found a trick! It was funny.', 'author': 'Charlie'}
2025-09-13 17:39:56 | INFO | Message received from author: Charlie
2025-09-13 17:39:56 | INFO | Updated author counts: {'Charlie': 320, 'Eve': 316, 'Bob': 312, 'Alice': 321}
2025-09-13 17:39:56 | INFO | Chart updated successfully.
2025-09-13 17:39:56 | INFO | Sent message to topic 'buzzline_json': {'message': 'JSON makes life easier.', 'author': 'Diana'}
2025-09-13 17:39:59 | INFO | {'message': 'I just found a story! It was exciting.', 'author': 'Eve'}
2025-09-13 17:39:59 | INFO | Processed JSON message: {'message': 'I just found a story! It was exciting.', 'author': 'Eve'}
2025-09-13 17:39:59 | INFO | Message received from author: Eve
2025-09-13 17:39:59 | INFO | Updated author counts: {'Charlie': 320, 'Eve': 317, 'Bob': 312, 'Alice': 321}
2025-09-13 17:39:59 | INFO | Sent message to topic 'buzzline_json': {'message': 'Kafka is awesome.', 'author': 'Charlie'}
2025-09-13 17:39:59 | INFO | Chart updated successfully.
2025-09-13 17:40:00 | INFO | Sent message to topic 'smoker_csv': {'timestamp': '2025-09-13T21:40:00.283584', 'temperature': 83.2}
2025-09-13 17:40:02 | INFO | {'message': 'I just found a meme! It was exciting.', 'author': 'Bob'}
2025-09-13 17:40:02 | INFO | Sent message to topic 'buzzline_json': {'message': 'JSON makes life easier.', 'author': 'Bob'}
2025-09-13 17:40:02 | INFO | Processed JSON message: {'message': 'I just found a meme! It was exciting.', 'author': 'Bob'}
2025-09-13 17:40:02 | INFO | Message received from author: Bob
2025-09-13 17:40:02 | INFO | Updated author counts: {'Charlie': 320, 'Eve': 317, 'Bob': 313, 'Alice': 321}
2025-09-13 17:40:03 | INFO | Chart updated successfully.
2025-09-13 17:40:05 | INFO | Sent message to topic 'smoker_csv': {'timestamp': '2025-09-13T21:40:05.287359', 'temperature': 83.6}
2025-09-13 17:40:05 | INFO | {'message': 'I just saw a movie! It was funny.', 'author': 'Alice'}
2025-09-13 17:40:05 | INFO | Sent message to topic 'buzzline_json': {'message': 'I love Python!', 'author': 'Bob'}
2025-09-13 17:40:06 | INFO | Processed JSON message: {'message': 'I just saw a movie! It was funny.', 'author': 'Alice'}
2025-09-13 17:40:06 | INFO | Message received from author: Alice
2025-09-13 17:40:06 | INFO | Updated author counts: {'Charlie': 320, 'Eve': 317, 'Bob': 313, 'Alice': 322}
2025-09-13 17:40:06 | INFO | Chart updated successfully.
2025-09-13 17:40:08 | INFO | {'message': 'I just tried a story! It was amazing.', 'author': 'Charlie'}
2025-09-13 17:40:08 | INFO | Processed JSON message: {'message': 'I just tried a story! It was amazing.', 'author': 'Charlie'}
2025-09-13 17:40:08 | INFO | Message received from author: Charlie
2025-09-13 17:40:08 | INFO | Updated author counts: {'Charlie': 321, 'Eve': 317, 'Bob': 313, 'Alice': 322}
2025-09-13 17:40:08 | INFO | Chart updated successfully.
2025-09-13 17:40:08 | INFO | Sent message to topic 'buzzline_json': {'message': 'This is a buzz message.', 'author': 'Eve'}
2025-09-13 17:40:10 | INFO | Sent message to topic 'smoker_csv': {'timestamp': '2025-09-13T21:40:10.289111', 'temperature': 84.0}
2025-09-13 17:40:11 | INFO | {'message': 'I just found a meme! It was boring.', 'author': 'Bob'}
2025-09-13 17:40:11 | INFO | Processed JSON message: {'message': 'I just found a meme! It was boring.', 'author': 'Bob'}
2025-09-13 17:40:11 | INFO | Message received from author: Bob
2025-09-13 17:40:11 | INFO | Updated author counts: {'Charlie': 321, 'Eve': 317, 'Bob': 314, 'Alice': 322}
2025-09-13 17:40:11 | INFO | Chart updated successfully.
2025-09-13 17:40:11 | INFO | Sent message to topic 'buzzline_json': {'message': 'I love Python!', 'author': 'Eve'}
2025-09-13 17:40:14 | INFO | {'message': 'I just shared a story! It was amazing.', 'author': 'Charlie'}
2025-09-13 17:40:14 | INFO | Processed JSON message: {'message': 'I just shared a story! It was amazing.', 'author': 'Charlie'}
2025-09-13 17:40:14 | INFO | Message received from author: Charlie
2025-09-13 17:40:14 | INFO | Updated author counts: {'Charlie': 322, 'Eve': 317, 'Bob': 314, 'Alice': 322}
2025-09-13 17:40:14 | INFO | Chart updated successfully.
2025-09-13 17:40:14 | INFO | Sent message to topic 'buzzline_json': {'message': 'Buzz messages for everyone.', 'author': 'Alice'}
2025-09-13 17:40:15 | INFO | Sent message to topic 'smoker_csv': {'timestamp': '2025-09-13T21:40:15.293461', 'temperature': 84.4}
2025-09-13 17:40:17 | INFO | {'message': 'I just loved a meme! It was weird.', 'author': 'Eve'}
2025-09-13 17:40:17 | INFO | Processed JSON message: {'message': 'I just loved a meme! It was weird.', 'author': 'Eve'}
2025-09-13 17:40:17 | INFO | Message received from author: Eve
2025-09-13 17:40:17 | INFO | Updated author counts: {'Charlie': 322, 'Eve': 318, 'Bob': 314, 'Alice': 322}
2025-09-13 17:40:17 | INFO | Chart updated successfully.
2025-09-13 17:40:17 | INFO | Sent message to topic 'buzzline_json': {'message': 'This is a buzz message.', 'author': 'Alice'}
2025-09-13 17:40:20 | INFO | Sent message to topic 'smoker_csv': {'timestamp': '2025-09-13T21:40:20.295773', 'temperature': 84.8}
2025-09-13 17:40:20 | INFO | {'message': 'I just shared an app! It was exciting.', 'author': 'Alice'}
2025-09-13 17:40:20 | INFO | Processed JSON message: {'message': 'I just shared an app! It was exciting.', 'author': 'Alice'}
2025-09-13 17:40:20 | INFO | Message received from author: Alice
2025-09-13 17:40:20 | INFO | Updated author counts: {'Charlie': 322, 'Eve': 318, 'Bob': 314, 'Alice': 323}
2025-09-13 17:40:20 | INFO | Chart updated successfully.
2025-09-13 17:40:20 | INFO | Sent message to topic 'buzzline_json': {'message': 'Data engineering is my passion.', 'author': 'Diana'}
2025-09-13 17:40:23 | INFO | {'message': 'I just found a story! It was weird.', 'author': 'Alice'}
2025-09-13 17:40:23 | INFO | Processed JSON message: {'message': 'I just found a story! It was weird.', 'author': 'Alice'}
2025-09-13 17:40:23 | INFO | Message received from author: Alice
2025-09-13 17:40:23 | INFO | Updated author counts: {'Charlie': 322, 'Eve': 318, 'Bob': 314, 'Alice': 324}
2025-09-13 17:40:23 | INFO | Sent message to topic 'buzzline_json': {'message': 'I love Python!', 'author': 'Eve'}
2025-09-13 17:40:24 | INFO | Chart updated successfully.
2025-09-13 17:40:25 | INFO | Sent message to topic 'smoker_csv': {'timestamp': '2025-09-13T21:40:25.297592', 'temperature': 85.2}
2025-09-13 17:40:26 | INFO | {'message': 'I just saw a meme! It was funny.', 'author': 'Charlie'}
2025-09-13 17:40:26 | INFO | Sent message to topic 'buzzline_json': {'message': 'JSON makes life easier.', 'author': 'Charlie'}
2025-09-13 17:40:27 | INFO | Processed JSON message: {'message': 'I just saw a meme! It was funny.', 'author': 'Charlie'}
2025-09-13 17:40:27 | INFO | Message received from author: Charlie
2025-09-13 17:40:27 | INFO | Updated author counts: {'Charlie': 323, 'Eve': 318, 'Bob': 314, 'Alice': 324}
2025-09-13 17:40:27 | INFO | Chart updated successfully.
2025-09-13 17:40:29 | INFO | {'message': 'I just shared a meme! It was boring.', 'author': 'Eve'}
2025-09-13 17:40:29 | INFO | Sent message to topic 'buzzline_json': {'message': 'Have a great day!', 'author': 'Bob'}
2025-09-13 17:40:30 | INFO | Processed JSON message: {'message': 'I just shared a meme! It was boring.', 'author': 'Eve'}
2025-09-13 17:40:30 | INFO | Message received from author: Eve
2025-09-13 17:40:30 | INFO | Updated author counts: {'Charlie': 323, 'Eve': 319, 'Bob': 314, 'Alice': 324}
2025-09-13 17:40:30 | INFO | Chart updated successfully.
2025-09-13 17:40:30 | INFO | Sent message to topic 'smoker_csv': {'timestamp': '2025-09-13T21:40:30.301904', 'temperature': 85.6}
2025-09-13 17:40:32 | INFO | {'message': 'I just saw a movie! It was amazing.', 'author': 'Bob'}
2025-09-13 17:40:32 | INFO | Processed JSON message: {'message': 'I just saw a movie! It was amazing.', 'author': 'Bob'}
2025-09-13 17:40:32 | INFO | Message received from author: Bob
2025-09-13 17:40:32 | INFO | Updated author counts: {'Charlie': 323, 'Eve': 319, 'Bob': 315, 'Alice': 324}
2025-09-13 17:40:32 | INFO | Chart updated successfully.
2025-09-13 17:40:32 | INFO | Sent message to topic 'buzzline_json': {'message': 'Data engineering is my passion.', 'author': 'Alice'}
2025-09-13 17:40:35 | INFO | Sent message to topic 'smoker_csv': {'timestamp': '2025-09-13T21:40:35.304404', 'temperature': 86.0}
2025-09-13 17:40:35 | INFO | {'message': 'I just found a story! It was weird.', 'author': 'Bob'}
2025-09-13 17:40:35 | INFO | Processed JSON message: {'message': 'I just found a story! It was weird.', 'author': 'Bob'}
2025-09-13 17:40:35 | INFO | Message received from author: Bob
2025-09-13 17:40:35 | INFO | Updated author counts: {'Charlie': 323, 'Eve': 319, 'Bob': 316, 'Alice': 324}
2025-09-13 17:40:35 | INFO | Chart updated successfully.
2025-09-13 17:40:35 | INFO | Sent message to topic 'buzzline_json': {'message': 'Kafka is awesome.', 'author': 'Diana'}
2025-09-13 17:40:38 | INFO | {'message': 'I just found a trick! It was boring.', 'author': 'Alice'}
2025-09-13 17:40:38 | INFO | Processed JSON message: {'message': 'I just found a trick! It was boring.', 'author': 'Alice'}
2025-09-13 17:40:38 | INFO | Message received from author: Alice
2025-09-13 17:40:38 | INFO | Updated author counts: {'Charlie': 323, 'Eve': 319, 'Bob': 316, 'Alice': 325}
2025-09-13 17:40:38 | INFO | Chart updated successfully.
2025-09-13 17:40:38 | INFO | Sent message to topic 'buzzline_json': {'message': 'Kafka is awesome.', 'author': 'Diana'}
2025-09-13 17:40:40 | INFO | Sent message to topic 'smoker_csv': {'timestamp': '2025-09-13T21:40:40.307931', 'temperature': 86.4}
2025-09-13 17:40:41 | INFO | {'message': 'I just found an app! It was amazing.', 'author': 'Bob'}
2025-09-13 17:40:41 | INFO | Processed JSON message: {'message': 'I just found an app! It was amazing.', 'author': 'Bob'}
2025-09-13 17:40:41 | INFO | Message received from author: Bob
2025-09-13 17:40:41 | INFO | Updated author counts: {'Charlie': 323, 'Eve': 319, 'Bob': 317, 'Alice': 325}
2025-09-13 17:40:41 | INFO | Chart updated successfully.
2025-09-13 17:40:42 | INFO | Sent message to topic 'buzzline_json': {'message': 'Hello, Kafka world!', 'author': 'Bob'}
2025-09-13 17:40:44 | INFO | {'message': 'I just loved a trick! It was boring.', 'author': 'Bob'}
2025-09-13 17:40:44 | INFO | Processed JSON message: {'message': 'I just loved a trick! It was boring.', 'author': 'Bob'}
2025-09-13 17:40:44 | INFO | Message received from author: Bob
2025-09-13 17:40:44 | INFO | Updated author counts: {'Charlie': 323, 'Eve': 319, 'Bob': 318, 'Alice': 325}
2025-09-13 17:40:45 | INFO | Sent message to topic 'buzzline_json': {'message': 'Distributed systems are fascinating.', 'author': 'Diana'}
2025-09-13 17:40:45 | INFO | Chart updated successfully.
2025-09-13 17:40:45 | INFO | Sent message to topic 'smoker_csv': {'timestamp': '2025-09-13T21:40:45.316069', 'temperature': 86.8}
2025-09-13 17:40:47 | INFO | {'message': 'I just saw a meme! It was weird.', 'author': 'Bob'}
2025-09-13 17:40:48 | INFO | Sent message to topic 'buzzline_json': {'message': 'I love Python!', 'author': 'Diana'}
2025-09-13 17:40:48 | INFO | Processed JSON message: {'message': 'I just saw a meme! It was weird.', 'author': 'Bob'}
2025-09-13 17:40:48 | INFO | Message received from author: Bob
2025-09-13 17:40:48 | INFO | Updated author counts: {'Charlie': 323, 'Eve': 319, 'Bob': 319, 'Alice': 325}
2025-09-13 17:40:48 | INFO | Chart updated successfully.
2025-09-13 17:40:50 | INFO | Sent message to topic 'smoker_csv': {'timestamp': '2025-09-13T21:40:50.321215', 'temperature': 87.2}
2025-09-13 17:40:50 | INFO | {'message': 'I just tried a story! It was amazing.', 'author': 'Alice'}
2025-09-13 17:40:51 | INFO | Sent message to topic 'buzzline_json': {'message': 'Have a great day!', 'author': 'Alice'}
2025-09-13 17:40:51 | INFO | Processed JSON message: {'message': 'I just tried a story! It was amazing.', 'author': 'Alice'}
2025-09-13 17:40:51 | INFO | Message received from author: Alice
2025-09-13 17:40:51 | INFO | Updated author counts: {'Charlie': 323, 'Eve': 319, 'Bob': 319, 'Alice': 326}
2025-09-13 17:40:51 | INFO | Chart updated successfully.
2025-09-13 17:40:53 | INFO | Chart updated successfully.
