2025-09-13 14:31:46 | INFO | Processed JSON message: {'message': 'I just saw an app! It was weird.', 'author': 'Eve'}
2025-09-13 14:31:46 | INFO | Message received from author: Eve
2025-09-13 14:31:46 | INFO | Updated author counts: {'Charlie': 1051, 'Alice': 1022, 'Eve': 1097, 'Bob': 997}
2025-09-13 14:31:46 | INFO | Chart updated successfully for message: {"message": "I just saw an app! It was weird.", "author": "Eve"}

2025-09-13 14:31:49 | INFO | {'message': 'I just tried a story! It was weird.', 'author': 'Eve'}
2025-09-13 14:31:49 | INFO | Processed JSON message: {'message': 'I just tried a story! It was weird.', 'author': 'Eve'}
2025-09-13 14:31:49 | INFO | Message received from author: Eve
2025-09-13 14:31:49 | INFO | Updated author counts: {'Charlie': 1051, 'Alice': 1022, 'Eve': 1098, 'Bob': 997}
2025-09-13 14:31:49 | INFO | Chart updated successfully for message: {"message": "I just tried a story! It was weird.", "author": "Eve"}

2025-09-13 14:31:52 | INFO | {'message': 'I just shared a meme! It was amazing.', 'author': 'Alice'}
2025-09-13 14:31:52 | INFO | Processed JSON message: {'message': 'I just shared a meme! It was amazing.', 'author': 'Alice'}
2025-09-13 14:31:52 | INFO | Message received from author: Alice
2025-09-13 14:31:52 | INFO | Updated author counts: {'Charlie': 1051, 'Alice': 1023, 'Eve': 1098, 'Bob': 997}
2025-09-13 14:31:52 | INFO | Chart updated successfully for message: {"message": "I just shared a meme! It was amazing.", "author": "Alice"}

2025-09-13 14:31:55 | INFO | {'message': 'I just loved a trick! It was amazing.', 'author': 'Charlie'}
2025-09-13 14:31:55 | INFO | Processed JSON message: {'message': 'I just loved a trick! It was amazing.', 'author': 'Charlie'}
2025-09-13 14:31:55 | INFO | Message received from author: Charlie
2025-09-13 14:31:55 | INFO | Updated author counts: {'Charlie': 1052, 'Alice': 1023, 'Eve': 1098, 'Bob': 997}
2025-09-13 14:31:56 | INFO | Chart updated successfully for message: {"message": "I just loved a trick! It was amazing.", "author": "Charlie"}

2025-09-13 14:31:58 | INFO | {'message': 'I just found a movie! It was funny.', 'author': 'Alice'}
2025-09-13 14:31:58 | INFO | Processed JSON message: {'message': 'I just found a movie! It was funny.', 'author': 'Alice'}
2025-09-13 14:31:58 | INFO | Message received from author: Alice
2025-09-13 14:31:58 | INFO | Updated author counts: {'Charlie': 1052, 'Alice': 1024, 'Eve': 1098, 'Bob': 997}
2025-09-13 14:31:58 | INFO | Chart updated successfully for message: {"message": "I just found a movie! It was funny.", "author": "Alice"}

2025-09-13 14:32:01 | INFO | {'message': 'I just shared a movie! It was weird.', 'author': 'Eve'}
2025-09-13 14:32:01 | INFO | Processed JSON message: {'message': 'I just shared a movie! It was weird.', 'author': 'Eve'}
2025-09-13 14:32:01 | INFO | Message received from author: Eve
2025-09-13 14:32:01 | INFO | Updated author counts: {'Charlie': 1052, 'Alice': 1024, 'Eve': 1099, 'Bob': 997}
2025-09-13 14:32:01 | INFO | Chart updated successfully for message: {"message": "I just shared a movie! It was weird.", "author": "Eve"}

2025-09-13 14:32:04 | INFO | {'message': 'I just shared a story! It was weird.', 'author': 'Charlie'}
2025-09-13 14:32:04 | INFO | Processed JSON message: {'message': 'I just shared a story! It was weird.', 'author': 'Charlie'}
2025-09-13 14:32:04 | INFO | Message received from author: Charlie
2025-09-13 14:32:04 | INFO | Updated author counts: {'Charlie': 1053, 'Alice': 1024, 'Eve': 1099, 'Bob': 997}
2025-09-13 14:32:04 | INFO | Chart updated successfully for message: {"message": "I just shared a story! It was weird.", "author": "Charlie"}

2025-09-13 14:32:07 | INFO | {'message': 'I just saw an app! It was exciting.', 'author': 'Charlie'}
2025-09-13 14:32:07 | INFO | Processed JSON message: {'message': 'I just saw an app! It was exciting.', 'author': 'Charlie'}
2025-09-13 14:32:07 | INFO | Message received from author: Charlie
2025-09-13 14:32:07 | INFO | Updated author counts: {'Charlie': 1054, 'Alice': 1024, 'Eve': 1099, 'Bob': 997}
2025-09-13 14:32:08 | INFO | Chart updated successfully for message: {"message": "I just saw an app! It was exciting.", "author": "Charlie"}

2025-09-13 14:32:10 | INFO | {'message': 'I just found a movie! It was amazing.', 'author': 'Charlie'}
2025-09-13 14:32:11 | INFO | Processed JSON message: {'message': 'I just found a movie! It was amazing.', 'author': 'Charlie'}
2025-09-13 14:32:11 | INFO | Message received from author: Charlie
2025-09-13 14:32:11 | INFO | Updated author counts: {'Charlie': 1055, 'Alice': 1024, 'Eve': 1099, 'Bob': 997}
2025-09-13 14:32:11 | INFO | Chart updated successfully for message: {"message": "I just found a movie! It was amazing.", "author": "Charlie"}

2025-09-13 14:32:13 | INFO | {'message': 'I just loved an app! It was weird.', 'author': 'Bob'}
2025-09-13 14:32:13 | INFO | Processed JSON message: {'message': 'I just loved an app! It was weird.', 'author': 'Bob'}
2025-09-13 14:32:13 | INFO | Message received from author: Bob
2025-09-13 14:32:13 | INFO | Updated author counts: {'Charlie': 1055, 'Alice': 1024, 'Eve': 1099, 'Bob': 998}
2025-09-13 14:32:13 | INFO | Chart updated successfully for message: {"message": "I just loved an app! It was weird.", "author": "Bob"}

2025-09-13 14:32:16 | INFO | {'message': 'I just found a movie! It was amazing.', 'author': 'Eve'}
2025-09-13 14:32:16 | INFO | Processed JSON message: {'message': 'I just found a movie! It was amazing.', 'author': 'Eve'}
2025-09-13 14:32:16 | INFO | Message received from author: Eve
2025-09-13 14:32:16 | INFO | Updated author counts: {'Charlie': 1055, 'Alice': 1024, 'Eve': 1100, 'Bob': 998}
2025-09-13 14:32:16 | INFO | Chart updated successfully for message: {"message": "I just found a movie! It was amazing.", "author": "Eve"}

2025-09-13 14:32:19 | INFO | {'message': 'I just found a movie! It was boring.', 'author': 'Eve'}
2025-09-13 14:32:19 | INFO | Processed JSON message: {'message': 'I just found a movie! It was boring.', 'author': 'Eve'}
2025-09-13 14:32:19 | INFO | Message received from author: Eve
2025-09-13 14:32:19 | INFO | Updated author counts: {'Charlie': 1055, 'Alice': 1024, 'Eve': 1101, 'Bob': 998}
2025-09-13 14:32:20 | INFO | Chart updated successfully for message: {"message": "I just found a movie! It was boring.", "author": "Eve"}

2025-09-13 14:32:22 | INFO | {'message': 'I just loved a story! It was exciting.', 'author': 'Eve'}
2025-09-13 14:32:22 | INFO | Processed JSON message: {'message': 'I just loved a story! It was exciting.', 'author': 'Eve'}
2025-09-13 14:32:22 | INFO | Message received from author: Eve
2025-09-13 14:32:22 | INFO | Updated author counts: {'Charlie': 1055, 'Alice': 1024, 'Eve': 1102, 'Bob': 998}
2025-09-13 14:32:22 | INFO | Chart updated successfully for message: {"message": "I just loved a story! It was exciting.", "author": "Eve"}

2025-09-13 14:32:25 | INFO | {'message': 'I just tried a story! It was boring.', 'author': 'Alice'}
2025-09-13 14:32:25 | INFO | Processed JSON message: {'message': 'I just tried a story! It was boring.', 'author': 'Alice'}
2025-09-13 14:32:25 | INFO | Message received from author: Alice
2025-09-13 14:32:25 | INFO | Updated author counts: {'Charlie': 1055, 'Alice': 1025, 'Eve': 1102, 'Bob': 998}
2025-09-13 14:32:25 | INFO | Chart updated successfully for message: {"message": "I just tried a story! It was boring.", "author": "Alice"}

