2025-09-14 23:41:16 | INFO | REAL 2025-09-14 23:41:15 | food           | sentiment=0.44
2025-09-14 23:41:20 | INFO | {'message': 'I just saw recipe! It was boring.', 'author': 'Eve', 'timestamp': '2025-09-14 23:41:20', 'category': 'food', 'sentiment': 0.75, 'keyword_mentioned': 'recipe', 'message_length': 33}
2025-09-14 23:41:20 | INFO | Sent message to Kafka topic 'project_json': {'message': 'I just saw recipe! It was boring.', 'author': 'Eve', 'timestamp': '2025-09-14 23:41:20', 'category': 'food', 'sentiment': 0.75, 'keyword_mentioned': 'recipe', 'message_length': 33}
2025-09-14 23:41:20 | INFO | REAL 2025-09-14 23:41:20 | food           | sentiment=0.75
2025-09-14 23:41:25 | INFO | {'message': 'I just found an app! It was boring.', 'author': 'Charlie', 'timestamp': '2025-09-14 23:41:25', 'category': 'other', 'sentiment': 0.8, 'keyword_mentioned': 'other', 'message_length': 35}
2025-09-14 23:41:25 | INFO | Sent message to Kafka topic 'project_json': {'message': 'I just found an app! It was boring.', 'author': 'Charlie', 'timestamp': '2025-09-14 23:41:25', 'category': 'other', 'sentiment': 0.8, 'keyword_mentioned': 'other', 'message_length': 35}
2025-09-14 23:41:25 | INFO | REAL 2025-09-14 23:41:25 | other          | sentiment=0.80
2025-09-14 23:41:30 | INFO | {'message': 'I just shared a meme! It was funny.', 'author': 'Eve', 'timestamp': '2025-09-14 23:41:30', 'category': 'humor', 'sentiment': 0.13, 'keyword_mentioned': 'meme', 'message_length': 35}
2025-09-14 23:41:30 | INFO | Sent message to Kafka topic 'project_json': {'message': 'I just shared a meme! It was funny.', 'author': 'Eve', 'timestamp': '2025-09-14 23:41:30', 'category': 'humor', 'sentiment': 0.13, 'keyword_mentioned': 'meme', 'message_length': 35}
2025-09-14 23:41:30 | INFO | REAL 2025-09-14 23:41:30 | humor          | sentiment=0.13
2025-09-14 23:41:35 | INFO | {'message': 'I just saw a movie! It was weird.', 'author': 'Charlie', 'timestamp': '2025-09-14 23:41:35', 'category': 'entertainment', 'sentiment': 0.02, 'keyword_mentioned': 'movie', 'message_length': 33}
2025-09-14 23:41:35 | INFO | Sent message to Kafka topic 'project_json': {'message': 'I just saw a movie! It was weird.', 'author': 'Charlie', 'timestamp': '2025-09-14 23:41:35', 'category': 'entertainment', 'sentiment': 0.02, 'keyword_mentioned': 'movie', 'message_length': 33}
2025-09-14 23:41:35 | INFO | REAL 2025-09-14 23:41:35 | entertainment  | sentiment=0.02
2025-09-14 23:41:40 | INFO | {'message': 'I just saw an app! It was boring.', 'author': 'Charlie', 'timestamp': '2025-09-14 23:41:40', 'category': 'other', 'sentiment': 0.1, 'keyword_mentioned': 'other', 'message_length': 33}
2025-09-14 23:41:40 | INFO | Sent message to Kafka topic 'project_json': {'message': 'I just saw an app! It was boring.', 'author': 'Charlie', 'timestamp': '2025-09-14 23:41:40', 'category': 'other', 'sentiment': 0.1, 'keyword_mentioned': 'other', 'message_length': 33}
2025-09-14 23:41:40 | INFO | REAL 2025-09-14 23:41:40 | other          | sentiment=0.10
2025-09-14 23:41:45 | INFO | {'message': 'I just loved JavaScript! It was amazing.', 'author': 'Eve', 'timestamp': '2025-09-14 23:41:45', 'category': 'tech', 'sentiment': 0.93, 'keyword_mentioned': 'JavaScript', 'message_length': 40}
2025-09-14 23:41:45 | INFO | Sent message to Kafka topic 'project_json': {'message': 'I just loved JavaScript! It was amazing.', 'author': 'Eve', 'timestamp': '2025-09-14 23:41:45', 'category': 'tech', 'sentiment': 0.93, 'keyword_mentioned': 'JavaScript', 'message_length': 40}
2025-09-14 23:41:45 | INFO | REAL 2025-09-14 23:41:45 | tech           | sentiment=0.93
2025-09-14 23:41:50 | INFO | {'message': 'I just loved Python! It was funny.', 'author': 'Bob', 'timestamp': '2025-09-14 23:41:50', 'category': 'tech', 'sentiment': 0.47, 'keyword_mentioned': 'Python', 'message_length': 34}
2025-09-14 23:41:50 | INFO | Sent message to Kafka topic 'project_json': {'message': 'I just loved Python! It was funny.', 'author': 'Bob', 'timestamp': '2025-09-14 23:41:50', 'category': 'tech', 'sentiment': 0.47, 'keyword_mentioned': 'Python', 'message_length': 34}
2025-09-14 23:41:51 | INFO | REAL 2025-09-14 23:41:50 | tech           | sentiment=0.47
2025-09-14 23:41:55 | INFO | {'message': 'I just shared a meme! It was weird.', 'author': 'Eve', 'timestamp': '2025-09-14 23:41:55', 'category': 'humor', 'sentiment': 0.02, 'keyword_mentioned': 'meme', 'message_length': 35}
2025-09-14 23:41:55 | INFO | Sent message to Kafka topic 'project_json': {'message': 'I just shared a meme! It was weird.', 'author': 'Eve', 'timestamp': '2025-09-14 23:41:55', 'category': 'humor', 'sentiment': 0.02, 'keyword_mentioned': 'meme', 'message_length': 35}
2025-09-14 23:41:55 | INFO | REAL 2025-09-14 23:41:55 | humor          | sentiment=0.02
2025-09-14 23:42:00 | INFO | {'message': 'I just shared a story! It was exciting.', 'author': 'Charlie', 'timestamp': '2025-09-14 23:42:00', 'category': 'other', 'sentiment': 0.55, 'keyword_mentioned': 'other', 'message_length': 39}
2025-09-14 23:42:00 | INFO | Sent message to Kafka topic 'project_json': {'message': 'I just shared a story! It was exciting.', 'author': 'Charlie', 'timestamp': '2025-09-14 23:42:00', 'category': 'other', 'sentiment': 0.55, 'keyword_mentioned': 'other', 'message_length': 39}
2025-09-14 23:42:00 | INFO | REAL 2025-09-14 23:42:00 | other          | sentiment=0.55
2025-09-14 23:42:05 | INFO | {'message': 'I just found a meme! It was amazing.', 'author': 'Alice', 'timestamp': '2025-09-14 23:42:05', 'category': 'humor', 'sentiment': 0.02, 'keyword_mentioned': 'meme', 'message_length': 36}
2025-09-14 23:42:05 | INFO | Sent message to Kafka topic 'project_json': {'message': 'I just found a meme! It was amazing.', 'author': 'Alice', 'timestamp': '2025-09-14 23:42:05', 'category': 'humor', 'sentiment': 0.02, 'keyword_mentioned': 'meme', 'message_length': 36}
2025-09-14 23:42:06 | INFO | REAL 2025-09-14 23:42:05 | humor          | sentiment=0.02
2025-09-14 23:42:10 | INFO | {'message': 'I just shared travel! It was exciting.', 'author': 'Eve', 'timestamp': '2025-09-14 23:42:10', 'category': 'travel', 'sentiment': 0.84, 'keyword_mentioned': 'travel', 'message_length': 38}
2025-09-14 23:42:10 | INFO | Sent message to Kafka topic 'project_json': {'message': 'I just shared travel! It was exciting.', 'author': 'Eve', 'timestamp': '2025-09-14 23:42:10', 'category': 'travel', 'sentiment': 0.84, 'keyword_mentioned': 'travel', 'message_length': 38}
2025-09-14 23:42:10 | INFO | REAL 2025-09-14 23:42:10 | travel         | sentiment=0.84
2025-09-14 23:42:15 | INFO | {'message': 'I just shared a trick! It was amazing.', 'author': 'Bob', 'timestamp': '2025-09-14 23:42:15', 'category': 'other', 'sentiment': 0.06, 'keyword_mentioned': 'other', 'message_length': 38}
2025-09-14 23:42:15 | INFO | Sent message to Kafka topic 'project_json': {'message': 'I just shared a trick! It was amazing.', 'author': 'Bob', 'timestamp': '2025-09-14 23:42:15', 'category': 'other', 'sentiment': 0.06, 'keyword_mentioned': 'other', 'message_length': 38}
2025-09-14 23:42:15 | INFO | REAL 2025-09-14 23:42:15 | other          | sentiment=0.06
2025-09-14 23:42:20 | INFO | {'message': 'I just found a story! It was exciting.', 'author': 'Bob', 'timestamp': '2025-09-14 23:42:20', 'category': 'other', 'sentiment': 0.72, 'keyword_mentioned': 'other', 'message_length': 38}
2025-09-14 23:42:20 | INFO | Sent message to Kafka topic 'project_json': {'message': 'I just found a story! It was exciting.', 'author': 'Bob', 'timestamp': '2025-09-14 23:42:20', 'category': 'other', 'sentiment': 0.72, 'keyword_mentioned': 'other', 'message_length': 38}
2025-09-14 23:42:20 | INFO | REAL 2025-09-14 23:42:20 | other          | sentiment=0.72
2025-09-14 23:42:25 | INFO | {'message': 'I just tried a story! It was amazing.', 'author': 'Eve', 'timestamp': '2025-09-14 23:42:25', 'category': 'other', 'sentiment': 0.2, 'keyword_mentioned': 'other', 'message_length': 37}
2025-09-14 23:42:25 | INFO | Sent message to Kafka topic 'project_json': {'message': 'I just tried a story! It was amazing.', 'author': 'Eve', 'timestamp': '2025-09-14 23:42:25', 'category': 'other', 'sentiment': 0.2, 'keyword_mentioned': 'other', 'message_length': 37}
2025-09-14 23:42:25 | INFO | REAL 2025-09-14 23:42:25 | other          | sentiment=0.20
2025-09-14 23:42:30 | INFO | {'message': 'I just shared travel! It was amazing.', 'author': 'Alice', 'timestamp': '2025-09-14 23:42:30', 'category': 'travel', 'sentiment': 0.78, 'keyword_mentioned': 'travel', 'message_length': 37}
2025-09-14 23:42:30 | INFO | Sent message to Kafka topic 'project_json': {'message': 'I just shared travel! It was amazing.', 'author': 'Alice', 'timestamp': '2025-09-14 23:42:30', 'category': 'travel', 'sentiment': 0.78, 'keyword_mentioned': 'travel', 'message_length': 37}
2025-09-14 23:42:30 | INFO | REAL 2025-09-14 23:42:30 | travel         | sentiment=0.78
2025-09-14 23:42:35 | INFO | {'message': 'I just shared an app! It was funny.', 'author': 'Alice', 'timestamp': '2025-09-14 23:42:35', 'category': 'other', 'sentiment': 0.94, 'keyword_mentioned': 'other', 'message_length': 35}
2025-09-14 23:42:35 | INFO | Sent message to Kafka topic 'project_json': {'message': 'I just shared an app! It was funny.', 'author': 'Alice', 'timestamp': '2025-09-14 23:42:35', 'category': 'other', 'sentiment': 0.94, 'keyword_mentioned': 'other', 'message_length': 35}
2025-09-14 23:42:35 | INFO | REAL 2025-09-14 23:42:35 | other          | sentiment=0.94
2025-09-14 23:42:40 | INFO | {'message': 'I just saw a trick! It was amazing.', 'author': 'Bob', 'timestamp': '2025-09-14 23:42:40', 'category': 'other', 'sentiment': 0.17, 'keyword_mentioned': 'other', 'message_length': 35}
2025-09-14 23:42:40 | INFO | Sent message to Kafka topic 'project_json': {'message': 'I just saw a trick! It was amazing.', 'author': 'Bob', 'timestamp': '2025-09-14 23:42:40', 'category': 'other', 'sentiment': 0.17, 'keyword_mentioned': 'other', 'message_length': 35}
2025-09-14 23:42:41 | INFO | REAL 2025-09-14 23:42:40 | other          | sentiment=0.17
2025-09-14 23:42:45 | INFO | {'message': 'I just tried a trick! It was funny.', 'author': 'Bob', 'timestamp': '2025-09-14 23:42:45', 'category': 'other', 'sentiment': 0.01, 'keyword_mentioned': 'other', 'message_length': 35}
2025-09-14 23:42:45 | INFO | Sent message to Kafka topic 'project_json': {'message': 'I just tried a trick! It was funny.', 'author': 'Bob', 'timestamp': '2025-09-14 23:42:45', 'category': 'other', 'sentiment': 0.01, 'keyword_mentioned': 'other', 'message_length': 35}
2025-09-14 23:42:46 | INFO | REAL 2025-09-14 23:42:45 | other          | sentiment=0.01
2025-09-14 23:42:50 | INFO | {'message': 'I just found Python! It was boring.', 'author': 'Eve', 'timestamp': '2025-09-14 23:42:50', 'category': 'tech', 'sentiment': 0.87, 'keyword_mentioned': 'Python', 'message_length': 35}
2025-09-14 23:42:50 | INFO | Sent message to Kafka topic 'project_json': {'message': 'I just found Python! It was boring.', 'author': 'Eve', 'timestamp': '2025-09-14 23:42:50', 'category': 'tech', 'sentiment': 0.87, 'keyword_mentioned': 'Python', 'message_length': 35}
2025-09-14 23:42:50 | INFO | REAL 2025-09-14 23:42:50 | tech           | sentiment=0.87
2025-09-14 23:42:55 | INFO | {'message': 'I just shared game! It was boring.', 'author': 'Charlie', 'timestamp': '2025-09-14 23:42:55', 'category': 'gaming', 'sentiment': 0.57, 'keyword_mentioned': 'game', 'message_length': 34}
2025-09-14 23:42:55 | INFO | Sent message to Kafka topic 'project_json': {'message': 'I just shared game! It was boring.', 'author': 'Charlie', 'timestamp': '2025-09-14 23:42:55', 'category': 'gaming', 'sentiment': 0.57, 'keyword_mentioned': 'game', 'message_length': 34}
2025-09-14 23:42:55 | INFO | REAL 2025-09-14 23:42:55 | gaming         | sentiment=0.57
2025-09-14 23:43:00 | INFO | {'message': 'I just saw Python! It was funny.', 'author': 'Eve', 'timestamp': '2025-09-14 23:43:00', 'category': 'tech', 'sentiment': 0.35, 'keyword_mentioned': 'Python', 'message_length': 32}
2025-09-14 23:43:00 | INFO | Sent message to Kafka topic 'project_json': {'message': 'I just saw Python! It was funny.', 'author': 'Eve', 'timestamp': '2025-09-14 23:43:00', 'category': 'tech', 'sentiment': 0.35, 'keyword_mentioned': 'Python', 'message_length': 32}
2025-09-14 23:43:00 | INFO | REAL 2025-09-14 23:43:00 | tech           | sentiment=0.35
2025-09-14 23:43:05 | INFO | {'message': 'I just shared JavaScript! It was boring.', 'author': 'Charlie', 'timestamp': '2025-09-14 23:43:05', 'category': 'tech', 'sentiment': 0.86, 'keyword_mentioned': 'JavaScript', 'message_length': 40}
2025-09-14 23:43:05 | INFO | Sent message to Kafka topic 'project_json': {'message': 'I just shared JavaScript! It was boring.', 'author': 'Charlie', 'timestamp': '2025-09-14 23:43:05', 'category': 'tech', 'sentiment': 0.86, 'keyword_mentioned': 'JavaScript', 'message_length': 40}
2025-09-14 23:43:06 | INFO | REAL 2025-09-14 23:43:05 | tech           | sentiment=0.86
2025-09-14 23:43:10 | INFO | {'message': 'I just tried an app! It was weird.', 'author': 'Eve', 'timestamp': '2025-09-14 23:43:10', 'category': 'other', 'sentiment': 0.06, 'keyword_mentioned': 'other', 'message_length': 34}
2025-09-14 23:43:10 | INFO | Sent message to Kafka topic 'project_json': {'message': 'I just tried an app! It was weird.', 'author': 'Eve', 'timestamp': '2025-09-14 23:43:10', 'category': 'other', 'sentiment': 0.06, 'keyword_mentioned': 'other', 'message_length': 34}
2025-09-14 23:43:11 | INFO | REAL 2025-09-14 23:43:10 | other          | sentiment=0.06
2025-09-14 23:43:15 | INFO | {'message': 'I just tried travel! It was amazing.', 'author': 'Charlie', 'timestamp': '2025-09-14 23:43:15', 'category': 'travel', 'sentiment': 0.98, 'keyword_mentioned': 'travel', 'message_length': 36}
2025-09-14 23:43:15 | INFO | Sent message to Kafka topic 'project_json': {'message': 'I just tried travel! It was amazing.', 'author': 'Charlie', 'timestamp': '2025-09-14 23:43:15', 'category': 'travel', 'sentiment': 0.98, 'keyword_mentioned': 'travel', 'message_length': 36}
2025-09-14 23:43:16 | INFO | REAL 2025-09-14 23:43:15 | travel         | sentiment=0.98
2025-09-14 23:43:20 | INFO | {'message': 'I just shared a story! It was funny.', 'author': 'Eve', 'timestamp': '2025-09-14 23:43:20', 'category': 'other', 'sentiment': 0.67, 'keyword_mentioned': 'other', 'message_length': 36}
2025-09-14 23:43:20 | INFO | Sent message to Kafka topic 'project_json': {'message': 'I just shared a story! It was funny.', 'author': 'Eve', 'timestamp': '2025-09-14 23:43:20', 'category': 'other', 'sentiment': 0.67, 'keyword_mentioned': 'other', 'message_length': 36}
2025-09-14 23:43:20 | INFO | REAL 2025-09-14 23:43:20 | other          | sentiment=0.67
2025-09-14 23:43:25 | INFO | {'message': 'I just found a movie! It was exciting.', 'author': 'Alice', 'timestamp': '2025-09-14 23:43:25', 'category': 'entertainment', 'sentiment': 0.05, 'keyword_mentioned': 'movie', 'message_length': 38}
2025-09-14 23:43:25 | INFO | Sent message to Kafka topic 'project_json': {'message': 'I just found a movie! It was exciting.', 'author': 'Alice', 'timestamp': '2025-09-14 23:43:25', 'category': 'entertainment', 'sentiment': 0.05, 'keyword_mentioned': 'movie', 'message_length': 38}
2025-09-14 23:43:25 | INFO | REAL 2025-09-14 23:43:25 | entertainment  | sentiment=0.05
2025-09-14 23:43:30 | INFO | {'message': 'I just loved travel! It was amazing.', 'author': 'Alice', 'timestamp': '2025-09-14 23:43:30', 'category': 'travel', 'sentiment': 0.2, 'keyword_mentioned': 'travel', 'message_length': 36}
2025-09-14 23:43:30 | INFO | Sent message to Kafka topic 'project_json': {'message': 'I just loved travel! It was amazing.', 'author': 'Alice', 'timestamp': '2025-09-14 23:43:30', 'category': 'travel', 'sentiment': 0.2, 'keyword_mentioned': 'travel', 'message_length': 36}
2025-09-14 23:43:31 | INFO | REAL 2025-09-14 23:43:30 | travel         | sentiment=0.20
2025-09-14 23:43:35 | INFO | {'message': 'I just loved a trick! It was funny.', 'author': 'Bob', 'timestamp': '2025-09-14 23:43:35', 'category': 'other', 'sentiment': 0.83, 'keyword_mentioned': 'other', 'message_length': 35}
2025-09-14 23:43:35 | INFO | Sent message to Kafka topic 'project_json': {'message': 'I just loved a trick! It was funny.', 'author': 'Bob', 'timestamp': '2025-09-14 23:43:35', 'category': 'other', 'sentiment': 0.83, 'keyword_mentioned': 'other', 'message_length': 35}
2025-09-14 23:43:35 | INFO | REAL 2025-09-14 23:43:35 | other          | sentiment=0.83
2025-09-14 23:43:40 | INFO | {'message': 'I just tried JavaScript! It was boring.', 'author': 'Eve', 'timestamp': '2025-09-14 23:43:40', 'category': 'tech', 'sentiment': 0.27, 'keyword_mentioned': 'JavaScript', 'message_length': 39}
2025-09-14 23:43:40 | INFO | Sent message to Kafka topic 'project_json': {'message': 'I just tried JavaScript! It was boring.', 'author': 'Eve', 'timestamp': '2025-09-14 23:43:40', 'category': 'tech', 'sentiment': 0.27, 'keyword_mentioned': 'JavaScript', 'message_length': 39}
2025-09-14 23:43:41 | INFO | REAL 2025-09-14 23:43:40 | tech           | sentiment=0.27
2025-09-14 23:43:45 | INFO | {'message': 'I just tried a movie! It was weird.', 'author': 'Alice', 'timestamp': '2025-09-14 23:43:45', 'category': 'entertainment', 'sentiment': 0.35, 'keyword_mentioned': 'movie', 'message_length': 35}
2025-09-14 23:43:45 | INFO | Sent message to Kafka topic 'project_json': {'message': 'I just tried a movie! It was weird.', 'author': 'Alice', 'timestamp': '2025-09-14 23:43:45', 'category': 'entertainment', 'sentiment': 0.35, 'keyword_mentioned': 'movie', 'message_length': 35}
2025-09-14 23:43:45 | INFO | REAL 2025-09-14 23:43:45 | entertainment  | sentiment=0.35
2025-09-14 23:43:50 | INFO | {'message': 'I just shared travel! It was exciting.', 'author': 'Bob', 'timestamp': '2025-09-14 23:43:50', 'category': 'travel', 'sentiment': 0.09, 'keyword_mentioned': 'travel', 'message_length': 38}
2025-09-14 23:43:50 | INFO | Sent message to Kafka topic 'project_json': {'message': 'I just shared travel! It was exciting.', 'author': 'Bob', 'timestamp': '2025-09-14 23:43:50', 'category': 'travel', 'sentiment': 0.09, 'keyword_mentioned': 'travel', 'message_length': 38}
2025-09-14 23:43:50 | INFO | REAL 2025-09-14 23:43:50 | travel         | sentiment=0.09
2025-09-14 23:43:55 | INFO | {'message': 'I just found JavaScript! It was boring.', 'author': 'Charlie', 'timestamp': '2025-09-14 23:43:55', 'category': 'tech', 'sentiment': 0.68, 'keyword_mentioned': 'JavaScript', 'message_length': 39}
2025-09-14 23:43:55 | INFO | Sent message to Kafka topic 'project_json': {'message': 'I just found JavaScript! It was boring.', 'author': 'Charlie', 'timestamp': '2025-09-14 23:43:55', 'category': 'tech', 'sentiment': 0.68, 'keyword_mentioned': 'JavaScript', 'message_length': 39}
2025-09-14 23:43:55 | INFO | REAL 2025-09-14 23:43:55 | tech           | sentiment=0.68
2025-09-14 23:44:00 | INFO | {'message': 'I just shared a meme! It was boring.', 'author': 'Eve', 'timestamp': '2025-09-14 23:44:00', 'category': 'humor', 'sentiment': 0.69, 'keyword_mentioned': 'meme', 'message_length': 36}
2025-09-14 23:44:00 | INFO | Sent message to Kafka topic 'project_json': {'message': 'I just shared a meme! It was boring.', 'author': 'Eve', 'timestamp': '2025-09-14 23:44:00', 'category': 'humor', 'sentiment': 0.69, 'keyword_mentioned': 'meme', 'message_length': 36}
2025-09-14 23:44:01 | INFO | REAL 2025-09-14 23:44:00 | humor          | sentiment=0.69
2025-09-14 23:44:05 | INFO | {'message': 'I just saw travel! It was boring.', 'author': 'Charlie', 'timestamp': '2025-09-14 23:44:05', 'category': 'travel', 'sentiment': 0.5, 'keyword_mentioned': 'travel', 'message_length': 33}
2025-09-14 23:44:05 | INFO | Sent message to Kafka topic 'project_json': {'message': 'I just saw travel! It was boring.', 'author': 'Charlie', 'timestamp': '2025-09-14 23:44:05', 'category': 'travel', 'sentiment': 0.5, 'keyword_mentioned': 'travel', 'message_length': 33}
2025-09-14 23:44:05 | INFO | REAL 2025-09-14 23:44:05 | travel         | sentiment=0.50
2025-09-14 23:44:10 | INFO | {'message': 'I just found JavaScript! It was amazing.', 'author': 'Alice', 'timestamp': '2025-09-14 23:44:10', 'category': 'tech', 'sentiment': 0.98, 'keyword_mentioned': 'JavaScript', 'message_length': 40}
2025-09-14 23:44:10 | INFO | Sent message to Kafka topic 'project_json': {'message': 'I just found JavaScript! It was amazing.', 'author': 'Alice', 'timestamp': '2025-09-14 23:44:10', 'category': 'tech', 'sentiment': 0.98, 'keyword_mentioned': 'JavaScript', 'message_length': 40}
2025-09-14 23:44:11 | INFO | REAL 2025-09-14 23:44:10 | tech           | sentiment=0.98
2025-09-14 23:44:15 | INFO | {'message': 'I just found a trick! It was exciting.', 'author': 'Eve', 'timestamp': '2025-09-14 23:44:15', 'category': 'other', 'sentiment': 0.56, 'keyword_mentioned': 'other', 'message_length': 38}
2025-09-14 23:44:15 | INFO | Sent message to Kafka topic 'project_json': {'message': 'I just found a trick! It was exciting.', 'author': 'Eve', 'timestamp': '2025-09-14 23:44:15', 'category': 'other', 'sentiment': 0.56, 'keyword_mentioned': 'other', 'message_length': 38}
2025-09-14 23:44:15 | INFO | REAL 2025-09-14 23:44:15 | other          | sentiment=0.56
2025-09-14 23:44:20 | INFO | {'message': 'I just loved game! It was amazing.', 'author': 'Bob', 'timestamp': '2025-09-14 23:44:20', 'category': 'gaming', 'sentiment': 0.8, 'keyword_mentioned': 'game', 'message_length': 34}
2025-09-14 23:44:20 | INFO | Sent message to Kafka topic 'project_json': {'message': 'I just loved game! It was amazing.', 'author': 'Bob', 'timestamp': '2025-09-14 23:44:20', 'category': 'gaming', 'sentiment': 0.8, 'keyword_mentioned': 'game', 'message_length': 34}
2025-09-14 23:44:21 | INFO | REAL 2025-09-14 23:44:20 | gaming         | sentiment=0.80
2025-09-14 23:44:25 | INFO | {'message': 'I just saw game! It was exciting.', 'author': 'Eve', 'timestamp': '2025-09-14 23:44:25', 'category': 'gaming', 'sentiment': 0.89, 'keyword_mentioned': 'game', 'message_length': 33}
2025-09-14 23:44:25 | INFO | Sent message to Kafka topic 'project_json': {'message': 'I just saw game! It was exciting.', 'author': 'Eve', 'timestamp': '2025-09-14 23:44:25', 'category': 'gaming', 'sentiment': 0.89, 'keyword_mentioned': 'game', 'message_length': 33}
2025-09-14 23:44:25 | INFO | REAL 2025-09-14 23:44:25 | gaming         | sentiment=0.89
2025-09-14 23:44:30 | INFO | {'message': 'I just shared recipe! It was amazing.', 'author': 'Charlie', 'timestamp': '2025-09-14 23:44:30', 'category': 'food', 'sentiment': 0.08, 'keyword_mentioned': 'recipe', 'message_length': 37}
2025-09-14 23:44:30 | INFO | Sent message to Kafka topic 'project_json': {'message': 'I just shared recipe! It was amazing.', 'author': 'Charlie', 'timestamp': '2025-09-14 23:44:30', 'category': 'food', 'sentiment': 0.08, 'keyword_mentioned': 'recipe', 'message_length': 37}
2025-09-14 23:44:31 | INFO | REAL 2025-09-14 23:44:30 | food           | sentiment=0.08
2025-09-14 23:44:35 | INFO | {'message': 'I just found recipe! It was weird.', 'author': 'Charlie', 'timestamp': '2025-09-14 23:44:35', 'category': 'food', 'sentiment': 0.22, 'keyword_mentioned': 'recipe', 'message_length': 34}
2025-09-14 23:44:35 | INFO | Sent message to Kafka topic 'project_json': {'message': 'I just found recipe! It was weird.', 'author': 'Charlie', 'timestamp': '2025-09-14 23:44:35', 'category': 'food', 'sentiment': 0.22, 'keyword_mentioned': 'recipe', 'message_length': 34}
2025-09-14 23:44:35 | INFO | REAL 2025-09-14 23:44:35 | food           | sentiment=0.22
2025-09-14 23:44:40 | INFO | {'message': 'I just shared JavaScript! It was amazing.', 'author': 'Eve', 'timestamp': '2025-09-14 23:44:40', 'category': 'tech', 'sentiment': 0.27, 'keyword_mentioned': 'JavaScript', 'message_length': 41}
2025-09-14 23:44:40 | INFO | Sent message to Kafka topic 'project_json': {'message': 'I just shared JavaScript! It was amazing.', 'author': 'Eve', 'timestamp': '2025-09-14 23:44:40', 'category': 'tech', 'sentiment': 0.27, 'keyword_mentioned': 'JavaScript', 'message_length': 41}
2025-09-14 23:44:41 | INFO | REAL 2025-09-14 23:44:40 | tech           | sentiment=0.27
2025-09-14 23:44:45 | INFO | {'message': 'I just tried JavaScript! It was boring.', 'author': 'Eve', 'timestamp': '2025-09-14 23:44:45', 'category': 'tech', 'sentiment': 0.14, 'keyword_mentioned': 'JavaScript', 'message_length': 39}
2025-09-14 23:44:45 | INFO | Sent message to Kafka topic 'project_json': {'message': 'I just tried JavaScript! It was boring.', 'author': 'Eve', 'timestamp': '2025-09-14 23:44:45', 'category': 'tech', 'sentiment': 0.14, 'keyword_mentioned': 'JavaScript', 'message_length': 39}
2025-09-14 23:44:46 | INFO | REAL 2025-09-14 23:44:45 | tech           | sentiment=0.14
2025-09-14 23:44:50 | INFO | {'message': 'I just tried an app! It was exciting.', 'author': 'Charlie', 'timestamp': '2025-09-14 23:44:50', 'category': 'other', 'sentiment': 0.23, 'keyword_mentioned': 'other', 'message_length': 37}
2025-09-14 23:44:50 | INFO | Sent message to Kafka topic 'project_json': {'message': 'I just tried an app! It was exciting.', 'author': 'Charlie', 'timestamp': '2025-09-14 23:44:50', 'category': 'other', 'sentiment': 0.23, 'keyword_mentioned': 'other', 'message_length': 37}
2025-09-14 23:44:50 | INFO | REAL 2025-09-14 23:44:50 | other          | sentiment=0.23
2025-09-14 23:44:55 | INFO | {'message': 'I just tried a meme! It was weird.', 'author': 'Bob', 'timestamp': '2025-09-14 23:44:55', 'category': 'humor', 'sentiment': 0.75, 'keyword_mentioned': 'meme', 'message_length': 34}
2025-09-14 23:44:55 | INFO | Sent message to Kafka topic 'project_json': {'message': 'I just tried a meme! It was weird.', 'author': 'Bob', 'timestamp': '2025-09-14 23:44:55', 'category': 'humor', 'sentiment': 0.75, 'keyword_mentioned': 'meme', 'message_length': 34}
2025-09-14 23:44:56 | INFO | REAL 2025-09-14 23:44:55 | humor          | sentiment=0.75
2025-09-14 23:45:00 | INFO | {'message': 'I just loved an app! It was boring.', 'author': 'Charlie', 'timestamp': '2025-09-14 23:45:00', 'category': 'other', 'sentiment': 0.67, 'keyword_mentioned': 'other', 'message_length': 35}
2025-09-14 23:45:00 | INFO | Sent message to Kafka topic 'project_json': {'message': 'I just loved an app! It was boring.', 'author': 'Charlie', 'timestamp': '2025-09-14 23:45:00', 'category': 'other', 'sentiment': 0.67, 'keyword_mentioned': 'other', 'message_length': 35}
2025-09-14 23:45:00 | INFO | REAL 2025-09-14 23:45:00 | other          | sentiment=0.67
2025-09-14 23:45:05 | INFO | {'message': 'I just loved a meme! It was boring.', 'author': 'Eve', 'timestamp': '2025-09-14 23:45:05', 'category': 'humor', 'sentiment': 0.3, 'keyword_mentioned': 'meme', 'message_length': 35}
2025-09-14 23:45:05 | INFO | Sent message to Kafka topic 'project_json': {'message': 'I just loved a meme! It was boring.', 'author': 'Eve', 'timestamp': '2025-09-14 23:45:05', 'category': 'humor', 'sentiment': 0.3, 'keyword_mentioned': 'meme', 'message_length': 35}
2025-09-14 23:45:05 | INFO | REAL 2025-09-14 23:45:05 | humor          | sentiment=0.30
2025-09-14 23:45:10 | INFO | {'message': 'I just tried a trick! It was exciting.', 'author': 'Alice', 'timestamp': '2025-09-14 23:45:10', 'category': 'other', 'sentiment': 0.2, 'keyword_mentioned': 'other', 'message_length': 38}
2025-09-14 23:45:10 | INFO | Sent message to Kafka topic 'project_json': {'message': 'I just tried a trick! It was exciting.', 'author': 'Alice', 'timestamp': '2025-09-14 23:45:10', 'category': 'other', 'sentiment': 0.2, 'keyword_mentioned': 'other', 'message_length': 38}
2025-09-14 23:45:11 | INFO | REAL 2025-09-14 23:45:10 | other          | sentiment=0.20
2025-09-14 23:45:15 | INFO | {'message': 'I just tried travel! It was boring.', 'author': 'Bob', 'timestamp': '2025-09-14 23:45:15', 'category': 'travel', 'sentiment': 0.66, 'keyword_mentioned': 'travel', 'message_length': 35}
2025-09-14 23:45:15 | INFO | Sent message to Kafka topic 'project_json': {'message': 'I just tried travel! It was boring.', 'author': 'Bob', 'timestamp': '2025-09-14 23:45:15', 'category': 'travel', 'sentiment': 0.66, 'keyword_mentioned': 'travel', 'message_length': 35}
2025-09-14 23:45:16 | INFO | REAL 2025-09-14 23:45:15 | travel         | sentiment=0.66
2025-09-14 23:45:20 | INFO | {'message': 'I just saw a story! It was exciting.', 'author': 'Alice', 'timestamp': '2025-09-14 23:45:20', 'category': 'other', 'sentiment': 0.06, 'keyword_mentioned': 'other', 'message_length': 36}
2025-09-14 23:45:20 | INFO | Sent message to Kafka topic 'project_json': {'message': 'I just saw a story! It was exciting.', 'author': 'Alice', 'timestamp': '2025-09-14 23:45:20', 'category': 'other', 'sentiment': 0.06, 'keyword_mentioned': 'other', 'message_length': 36}
2025-09-14 23:45:20 | INFO | REAL 2025-09-14 23:45:20 | other          | sentiment=0.06
2025-09-14 23:45:25 | INFO | {'message': 'I just saw JavaScript! It was amazing.', 'author': 'Alice', 'timestamp': '2025-09-14 23:45:25', 'category': 'tech', 'sentiment': 0.57, 'keyword_mentioned': 'JavaScript', 'message_length': 38}
2025-09-14 23:45:25 | INFO | Sent message to Kafka topic 'project_json': {'message': 'I just saw JavaScript! It was amazing.', 'author': 'Alice', 'timestamp': '2025-09-14 23:45:25', 'category': 'tech', 'sentiment': 0.57, 'keyword_mentioned': 'JavaScript', 'message_length': 38}
2025-09-14 23:45:26 | INFO | REAL 2025-09-14 23:45:25 | tech           | sentiment=0.57
2025-09-14 23:45:30 | INFO | {'message': 'I just saw a story! It was amazing.', 'author': 'Eve', 'timestamp': '2025-09-14 23:45:30', 'category': 'other', 'sentiment': 0.0, 'keyword_mentioned': 'other', 'message_length': 35}
2025-09-14 23:45:30 | INFO | Sent message to Kafka topic 'project_json': {'message': 'I just saw a story! It was amazing.', 'author': 'Eve', 'timestamp': '2025-09-14 23:45:30', 'category': 'other', 'sentiment': 0.0, 'keyword_mentioned': 'other', 'message_length': 35}
2025-09-14 23:45:31 | INFO | REAL 2025-09-14 23:45:30 | other          | sentiment=0.00
2025-09-14 23:45:35 | INFO | {'message': 'I just found an app! It was weird.', 'author': 'Charlie', 'timestamp': '2025-09-14 23:45:35', 'category': 'other', 'sentiment': 0.01, 'keyword_mentioned': 'other', 'message_length': 34}
2025-09-14 23:45:35 | INFO | Sent message to Kafka topic 'project_json': {'message': 'I just found an app! It was weird.', 'author': 'Charlie', 'timestamp': '2025-09-14 23:45:35', 'category': 'other', 'sentiment': 0.01, 'keyword_mentioned': 'other', 'message_length': 34}
2025-09-14 23:45:36 | INFO | REAL 2025-09-14 23:45:35 | other          | sentiment=0.01
2025-09-14 23:45:40 | INFO | {'message': 'I just loved recipe! It was boring.', 'author': 'Charlie', 'timestamp': '2025-09-14 23:45:40', 'category': 'food', 'sentiment': 0.84, 'keyword_mentioned': 'recipe', 'message_length': 35}
2025-09-14 23:45:40 | INFO | Sent message to Kafka topic 'project_json': {'message': 'I just loved recipe! It was boring.', 'author': 'Charlie', 'timestamp': '2025-09-14 23:45:40', 'category': 'food', 'sentiment': 0.84, 'keyword_mentioned': 'recipe', 'message_length': 35}
2025-09-14 23:45:41 | INFO | REAL 2025-09-14 23:45:40 | food           | sentiment=0.84
2025-09-14 23:45:45 | INFO | {'message': 'I just found an app! It was amazing.', 'author': 'Charlie', 'timestamp': '2025-09-14 23:45:45', 'category': 'other', 'sentiment': 0.43, 'keyword_mentioned': 'other', 'message_length': 36}
2025-09-14 23:45:45 | INFO | Sent message to Kafka topic 'project_json': {'message': 'I just found an app! It was amazing.', 'author': 'Charlie', 'timestamp': '2025-09-14 23:45:45', 'category': 'other', 'sentiment': 0.43, 'keyword_mentioned': 'other', 'message_length': 36}
2025-09-14 23:45:45 | INFO | REAL 2025-09-14 23:45:45 | other          | sentiment=0.43
2025-09-14 23:45:50 | INFO | {'message': 'I just found a story! It was exciting.', 'author': 'Charlie', 'timestamp': '2025-09-14 23:45:50', 'category': 'other', 'sentiment': 0.44, 'keyword_mentioned': 'other', 'message_length': 38}
2025-09-14 23:45:50 | INFO | Sent message to Kafka topic 'project_json': {'message': 'I just found a story! It was exciting.', 'author': 'Charlie', 'timestamp': '2025-09-14 23:45:50', 'category': 'other', 'sentiment': 0.44, 'keyword_mentioned': 'other', 'message_length': 38}
2025-09-14 23:45:50 | INFO | REAL 2025-09-14 23:45:50 | other          | sentiment=0.44
2025-09-14 23:45:55 | INFO | {'message': 'I just saw a movie! It was amazing.', 'author': 'Eve', 'timestamp': '2025-09-14 23:45:55', 'category': 'entertainment', 'sentiment': 0.51, 'keyword_mentioned': 'movie', 'message_length': 35}
2025-09-14 23:45:55 | INFO | Sent message to Kafka topic 'project_json': {'message': 'I just saw a movie! It was amazing.', 'author': 'Eve', 'timestamp': '2025-09-14 23:45:55', 'category': 'entertainment', 'sentiment': 0.51, 'keyword_mentioned': 'movie', 'message_length': 35}
2025-09-14 23:45:56 | INFO | REAL 2025-09-14 23:45:55 | entertainment  | sentiment=0.51
2025-09-14 23:46:00 | INFO | {'message': 'I just shared a trick! It was boring.', 'author': 'Alice', 'timestamp': '2025-09-14 23:46:00', 'category': 'other', 'sentiment': 0.55, 'keyword_mentioned': 'other', 'message_length': 37}
2025-09-14 23:46:00 | INFO | Sent message to Kafka topic 'project_json': {'message': 'I just shared a trick! It was boring.', 'author': 'Alice', 'timestamp': '2025-09-14 23:46:00', 'category': 'other', 'sentiment': 0.55, 'keyword_mentioned': 'other', 'message_length': 37}
2025-09-14 23:46:01 | INFO | REAL 2025-09-14 23:46:00 | other          | sentiment=0.55
2025-09-14 23:46:05 | INFO | {'message': 'I just tried JavaScript! It was weird.', 'author': 'Eve', 'timestamp': '2025-09-14 23:46:05', 'category': 'tech', 'sentiment': 0.98, 'keyword_mentioned': 'JavaScript', 'message_length': 38}
2025-09-14 23:46:05 | INFO | Sent message to Kafka topic 'project_json': {'message': 'I just tried JavaScript! It was weird.', 'author': 'Eve', 'timestamp': '2025-09-14 23:46:05', 'category': 'tech', 'sentiment': 0.98, 'keyword_mentioned': 'JavaScript', 'message_length': 38}
2025-09-14 23:46:06 | INFO | REAL 2025-09-14 23:46:05 | tech           | sentiment=0.98
2025-09-14 23:46:10 | INFO | {'message': 'I just loved a movie! It was boring.', 'author': 'Alice', 'timestamp': '2025-09-14 23:46:10', 'category': 'entertainment', 'sentiment': 0.08, 'keyword_mentioned': 'movie', 'message_length': 36}
2025-09-14 23:46:10 | INFO | Sent message to Kafka topic 'project_json': {'message': 'I just loved a movie! It was boring.', 'author': 'Alice', 'timestamp': '2025-09-14 23:46:10', 'category': 'entertainment', 'sentiment': 0.08, 'keyword_mentioned': 'movie', 'message_length': 36}
2025-09-14 23:46:11 | INFO | REAL 2025-09-14 23:46:10 | entertainment  | sentiment=0.08
2025-09-14 23:46:15 | INFO | {'message': 'I just loved game! It was weird.', 'author': 'Eve', 'timestamp': '2025-09-14 23:46:15', 'category': 'gaming', 'sentiment': 0.05, 'keyword_mentioned': 'game', 'message_length': 32}
2025-09-14 23:46:15 | INFO | Sent message to Kafka topic 'project_json': {'message': 'I just loved game! It was weird.', 'author': 'Eve', 'timestamp': '2025-09-14 23:46:15', 'category': 'gaming', 'sentiment': 0.05, 'keyword_mentioned': 'game', 'message_length': 32}
2025-09-14 23:46:16 | INFO | REAL 2025-09-14 23:46:15 | gaming         | sentiment=0.05
2025-09-14 23:46:20 | INFO | {'message': 'I just tried game! It was boring.', 'author': 'Alice', 'timestamp': '2025-09-14 23:46:20', 'category': 'gaming', 'sentiment': 0.43, 'keyword_mentioned': 'game', 'message_length': 33}
2025-09-14 23:46:20 | INFO | Sent message to Kafka topic 'project_json': {'message': 'I just tried game! It was boring.', 'author': 'Alice', 'timestamp': '2025-09-14 23:46:20', 'category': 'gaming', 'sentiment': 0.43, 'keyword_mentioned': 'game', 'message_length': 33}
2025-09-14 23:46:21 | INFO | REAL 2025-09-14 23:46:20 | gaming         | sentiment=0.43
2025-09-14 23:46:25 | INFO | {'message': 'I just saw a story! It was boring.', 'author': 'Bob', 'timestamp': '2025-09-14 23:46:25', 'category': 'other', 'sentiment': 0.78, 'keyword_mentioned': 'other', 'message_length': 34}
2025-09-14 23:46:25 | INFO | Sent message to Kafka topic 'project_json': {'message': 'I just saw a story! It was boring.', 'author': 'Bob', 'timestamp': '2025-09-14 23:46:25', 'category': 'other', 'sentiment': 0.78, 'keyword_mentioned': 'other', 'message_length': 34}
2025-09-14 23:46:26 | INFO | REAL 2025-09-14 23:46:25 | other          | sentiment=0.78
2025-09-14 23:46:30 | INFO | {'message': 'I just tried Python! It was boring.', 'author': 'Alice', 'timestamp': '2025-09-14 23:46:30', 'category': 'tech', 'sentiment': 0.97, 'keyword_mentioned': 'Python', 'message_length': 35}
2025-09-14 23:46:30 | INFO | Sent message to Kafka topic 'project_json': {'message': 'I just tried Python! It was boring.', 'author': 'Alice', 'timestamp': '2025-09-14 23:46:30', 'category': 'tech', 'sentiment': 0.97, 'keyword_mentioned': 'Python', 'message_length': 35}
2025-09-14 23:46:31 | INFO | REAL 2025-09-14 23:46:30 | tech           | sentiment=0.97
2025-09-14 23:46:35 | INFO | {'message': 'I just loved game! It was boring.', 'author': 'Eve', 'timestamp': '2025-09-14 23:46:35', 'category': 'gaming', 'sentiment': 0.47, 'keyword_mentioned': 'game', 'message_length': 33}
2025-09-14 23:46:35 | INFO | Sent message to Kafka topic 'project_json': {'message': 'I just loved game! It was boring.', 'author': 'Eve', 'timestamp': '2025-09-14 23:46:35', 'category': 'gaming', 'sentiment': 0.47, 'keyword_mentioned': 'game', 'message_length': 33}
2025-09-14 23:46:36 | INFO | REAL 2025-09-14 23:46:35 | gaming         | sentiment=0.47
2025-09-14 23:46:40 | INFO | {'message': 'I just saw a story! It was exciting.', 'author': 'Eve', 'timestamp': '2025-09-14 23:46:40', 'category': 'other', 'sentiment': 0.17, 'keyword_mentioned': 'other', 'message_length': 36}
2025-09-14 23:46:40 | INFO | Sent message to Kafka topic 'project_json': {'message': 'I just saw a story! It was exciting.', 'author': 'Eve', 'timestamp': '2025-09-14 23:46:40', 'category': 'other', 'sentiment': 0.17, 'keyword_mentioned': 'other', 'message_length': 36}
2025-09-14 23:46:41 | INFO | REAL 2025-09-14 23:46:40 | other          | sentiment=0.17
2025-09-14 23:46:45 | INFO | {'message': 'I just tried an app! It was amazing.', 'author': 'Charlie', 'timestamp': '2025-09-14 23:46:45', 'category': 'other', 'sentiment': 0.65, 'keyword_mentioned': 'other', 'message_length': 36}
2025-09-14 23:46:45 | INFO | Sent message to Kafka topic 'project_json': {'message': 'I just tried an app! It was amazing.', 'author': 'Charlie', 'timestamp': '2025-09-14 23:46:45', 'category': 'other', 'sentiment': 0.65, 'keyword_mentioned': 'other', 'message_length': 36}
2025-09-14 23:46:46 | INFO | REAL 2025-09-14 23:46:45 | other          | sentiment=0.65
2025-09-14 23:46:50 | INFO | {'message': 'I just tried a meme! It was weird.', 'author': 'Bob', 'timestamp': '2025-09-14 23:46:50', 'category': 'humor', 'sentiment': 0.97, 'keyword_mentioned': 'meme', 'message_length': 34}
2025-09-14 23:46:50 | INFO | Sent message to Kafka topic 'project_json': {'message': 'I just tried a meme! It was weird.', 'author': 'Bob', 'timestamp': '2025-09-14 23:46:50', 'category': 'humor', 'sentiment': 0.97, 'keyword_mentioned': 'meme', 'message_length': 34}
2025-09-14 23:46:51 | INFO | REAL 2025-09-14 23:46:50 | humor          | sentiment=0.97
2025-09-14 23:46:55 | INFO | {'message': 'I just saw a meme! It was weird.', 'author': 'Bob', 'timestamp': '2025-09-14 23:46:55', 'category': 'humor', 'sentiment': 0.28, 'keyword_mentioned': 'meme', 'message_length': 32}
2025-09-14 23:46:55 | INFO | Sent message to Kafka topic 'project_json': {'message': 'I just saw a meme! It was weird.', 'author': 'Bob', 'timestamp': '2025-09-14 23:46:55', 'category': 'humor', 'sentiment': 0.28, 'keyword_mentioned': 'meme', 'message_length': 32}
2025-09-14 23:46:55 | INFO | REAL 2025-09-14 23:46:55 | humor          | sentiment=0.28
2025-09-14 23:47:00 | INFO | {'message': 'I just tried a story! It was amazing.', 'author': 'Bob', 'timestamp': '2025-09-14 23:47:00', 'category': 'other', 'sentiment': 0.04, 'keyword_mentioned': 'other', 'message_length': 37}
2025-09-14 23:47:00 | INFO | Sent message to Kafka topic 'project_json': {'message': 'I just tried a story! It was amazing.', 'author': 'Bob', 'timestamp': '2025-09-14 23:47:00', 'category': 'other', 'sentiment': 0.04, 'keyword_mentioned': 'other', 'message_length': 37}
2025-09-14 23:47:01 | INFO | REAL 2025-09-14 23:47:00 | other          | sentiment=0.04
2025-09-14 23:47:05 | INFO | {'message': 'I just tried recipe! It was funny.', 'author': 'Bob', 'timestamp': '2025-09-14 23:47:05', 'category': 'food', 'sentiment': 0.09, 'keyword_mentioned': 'recipe', 'message_length': 34}
2025-09-14 23:47:05 | INFO | Sent message to Kafka topic 'project_json': {'message': 'I just tried recipe! It was funny.', 'author': 'Bob', 'timestamp': '2025-09-14 23:47:05', 'category': 'food', 'sentiment': 0.09, 'keyword_mentioned': 'recipe', 'message_length': 34}
2025-09-14 23:47:06 | INFO | REAL 2025-09-14 23:47:05 | food           | sentiment=0.09
2025-09-14 23:47:10 | INFO | {'message': 'I just shared a trick! It was funny.', 'author': 'Bob', 'timestamp': '2025-09-14 23:47:10', 'category': 'other', 'sentiment': 0.29, 'keyword_mentioned': 'other', 'message_length': 36}
2025-09-14 23:47:10 | INFO | Sent message to Kafka topic 'project_json': {'message': 'I just shared a trick! It was funny.', 'author': 'Bob', 'timestamp': '2025-09-14 23:47:10', 'category': 'other', 'sentiment': 0.29, 'keyword_mentioned': 'other', 'message_length': 36}
2025-09-14 23:47:11 | INFO | REAL 2025-09-14 23:47:10 | other          | sentiment=0.29
2025-09-14 23:47:15 | INFO | {'message': 'I just shared Python! It was weird.', 'author': 'Alice', 'timestamp': '2025-09-14 23:47:15', 'category': 'tech', 'sentiment': 0.64, 'keyword_mentioned': 'Python', 'message_length': 35}
2025-09-14 23:47:15 | INFO | Sent message to Kafka topic 'project_json': {'message': 'I just shared Python! It was weird.', 'author': 'Alice', 'timestamp': '2025-09-14 23:47:15', 'category': 'tech', 'sentiment': 0.64, 'keyword_mentioned': 'Python', 'message_length': 35}
2025-09-14 23:47:16 | INFO | REAL 2025-09-14 23:47:15 | tech           | sentiment=0.64
2025-09-14 23:47:20 | INFO | {'message': 'I just found a movie! It was funny.', 'author': 'Alice', 'timestamp': '2025-09-14 23:47:20', 'category': 'entertainment', 'sentiment': 0.68, 'keyword_mentioned': 'movie', 'message_length': 35}
2025-09-14 23:47:20 | INFO | Sent message to Kafka topic 'project_json': {'message': 'I just found a movie! It was funny.', 'author': 'Alice', 'timestamp': '2025-09-14 23:47:20', 'category': 'entertainment', 'sentiment': 0.68, 'keyword_mentioned': 'movie', 'message_length': 35}
2025-09-14 23:47:21 | INFO | REAL 2025-09-14 23:47:20 | entertainment  | sentiment=0.68
2025-09-14 23:47:25 | INFO | {'message': 'I just tried Python! It was amazing.', 'author': 'Charlie', 'timestamp': '2025-09-14 23:47:25', 'category': 'tech', 'sentiment': 0.87, 'keyword_mentioned': 'Python', 'message_length': 36}
2025-09-14 23:47:25 | INFO | Sent message to Kafka topic 'project_json': {'message': 'I just tried Python! It was amazing.', 'author': 'Charlie', 'timestamp': '2025-09-14 23:47:25', 'category': 'tech', 'sentiment': 0.87, 'keyword_mentioned': 'Python', 'message_length': 36}
2025-09-14 23:47:26 | INFO | REAL 2025-09-14 23:47:25 | tech           | sentiment=0.87
2025-09-14 23:47:30 | INFO | {'message': 'I just saw a story! It was weird.', 'author': 'Alice', 'timestamp': '2025-09-14 23:47:30', 'category': 'other', 'sentiment': 0.76, 'keyword_mentioned': 'other', 'message_length': 33}
2025-09-14 23:47:30 | INFO | Sent message to Kafka topic 'project_json': {'message': 'I just saw a story! It was weird.', 'author': 'Alice', 'timestamp': '2025-09-14 23:47:30', 'category': 'other', 'sentiment': 0.76, 'keyword_mentioned': 'other', 'message_length': 33}
2025-09-14 23:47:31 | INFO | REAL 2025-09-14 23:47:30 | other          | sentiment=0.76
2025-09-14 23:47:35 | INFO | {'message': 'I just tried Python! It was exciting.', 'author': 'Charlie', 'timestamp': '2025-09-14 23:47:35', 'category': 'tech', 'sentiment': 0.52, 'keyword_mentioned': 'Python', 'message_length': 37}
2025-09-14 23:47:35 | INFO | Sent message to Kafka topic 'project_json': {'message': 'I just tried Python! It was exciting.', 'author': 'Charlie', 'timestamp': '2025-09-14 23:47:35', 'category': 'tech', 'sentiment': 0.52, 'keyword_mentioned': 'Python', 'message_length': 37}
2025-09-14 23:47:36 | INFO | REAL 2025-09-14 23:47:35 | tech           | sentiment=0.52
2025-09-14 23:47:40 | INFO | {'message': 'I just found JavaScript! It was exciting.', 'author': 'Eve', 'timestamp': '2025-09-14 23:47:40', 'category': 'tech', 'sentiment': 0.74, 'keyword_mentioned': 'JavaScript', 'message_length': 41}
2025-09-14 23:47:40 | INFO | Sent message to Kafka topic 'project_json': {'message': 'I just found JavaScript! It was exciting.', 'author': 'Eve', 'timestamp': '2025-09-14 23:47:40', 'category': 'tech', 'sentiment': 0.74, 'keyword_mentioned': 'JavaScript', 'message_length': 41}
2025-09-14 23:47:41 | INFO | REAL 2025-09-14 23:47:40 | tech           | sentiment=0.74
2025-09-14 23:47:45 | INFO | {'message': 'I just saw JavaScript! It was boring.', 'author': 'Bob', 'timestamp': '2025-09-14 23:47:45', 'category': 'tech', 'sentiment': 0.7, 'keyword_mentioned': 'JavaScript', 'message_length': 37}
2025-09-14 23:47:45 | INFO | Sent message to Kafka topic 'project_json': {'message': 'I just saw JavaScript! It was boring.', 'author': 'Bob', 'timestamp': '2025-09-14 23:47:45', 'category': 'tech', 'sentiment': 0.7, 'keyword_mentioned': 'JavaScript', 'message_length': 37}
2025-09-14 23:47:46 | INFO | REAL 2025-09-14 23:47:45 | tech           | sentiment=0.70
2025-09-14 23:47:50 | INFO | {'message': 'I just loved a trick! It was boring.', 'author': 'Bob', 'timestamp': '2025-09-14 23:47:50', 'category': 'other', 'sentiment': 0.37, 'keyword_mentioned': 'other', 'message_length': 36}
2025-09-14 23:47:50 | INFO | Sent message to Kafka topic 'project_json': {'message': 'I just loved a trick! It was boring.', 'author': 'Bob', 'timestamp': '2025-09-14 23:47:50', 'category': 'other', 'sentiment': 0.37, 'keyword_mentioned': 'other', 'message_length': 36}
2025-09-14 23:47:51 | INFO | REAL 2025-09-14 23:47:50 | other          | sentiment=0.37
2025-09-14 23:47:55 | INFO | {'message': 'I just tried Python! It was exciting.', 'author': 'Eve', 'timestamp': '2025-09-14 23:47:55', 'category': 'tech', 'sentiment': 0.59, 'keyword_mentioned': 'Python', 'message_length': 37}
2025-09-14 23:47:55 | INFO | Sent message to Kafka topic 'project_json': {'message': 'I just tried Python! It was exciting.', 'author': 'Eve', 'timestamp': '2025-09-14 23:47:55', 'category': 'tech', 'sentiment': 0.59, 'keyword_mentioned': 'Python', 'message_length': 37}
2025-09-14 23:47:56 | INFO | REAL 2025-09-14 23:47:55 | tech           | sentiment=0.59
2025-09-14 23:48:00 | INFO | {'message': 'I just saw recipe! It was amazing.', 'author': 'Charlie', 'timestamp': '2025-09-14 23:48:00', 'category': 'food', 'sentiment': 0.66, 'keyword_mentioned': 'recipe', 'message_length': 34}
2025-09-14 23:48:00 | INFO | Sent message to Kafka topic 'project_json': {'message': 'I just saw recipe! It was amazing.', 'author': 'Charlie', 'timestamp': '2025-09-14 23:48:00', 'category': 'food', 'sentiment': 0.66, 'keyword_mentioned': 'recipe', 'message_length': 34}
2025-09-14 23:48:01 | INFO | REAL 2025-09-14 23:48:00 | food           | sentiment=0.66
2025-09-14 23:48:05 | INFO | {'message': 'I just shared JavaScript! It was exciting.', 'author': 'Bob', 'timestamp': '2025-09-14 23:48:05', 'category': 'tech', 'sentiment': 0.68, 'keyword_mentioned': 'JavaScript', 'message_length': 42}
2025-09-14 23:48:05 | INFO | Sent message to Kafka topic 'project_json': {'message': 'I just shared JavaScript! It was exciting.', 'author': 'Bob', 'timestamp': '2025-09-14 23:48:05', 'category': 'tech', 'sentiment': 0.68, 'keyword_mentioned': 'JavaScript', 'message_length': 42}
2025-09-14 23:48:06 | INFO | REAL 2025-09-14 23:48:05 | tech           | sentiment=0.68
2025-09-14 23:48:10 | INFO | {'message': 'I just tried JavaScript! It was amazing.', 'author': 'Charlie', 'timestamp': '2025-09-14 23:48:10', 'category': 'tech', 'sentiment': 0.01, 'keyword_mentioned': 'JavaScript', 'message_length': 40}
2025-09-14 23:48:10 | INFO | Sent message to Kafka topic 'project_json': {'message': 'I just tried JavaScript! It was amazing.', 'author': 'Charlie', 'timestamp': '2025-09-14 23:48:10', 'category': 'tech', 'sentiment': 0.01, 'keyword_mentioned': 'JavaScript', 'message_length': 40}
2025-09-14 23:48:10 | INFO | REAL 2025-09-14 23:48:10 | tech           | sentiment=0.01
2025-09-14 23:48:16 | INFO | {'message': 'I just loved a movie! It was weird.', 'author': 'Eve', 'timestamp': '2025-09-14 23:48:16', 'category': 'entertainment', 'sentiment': 0.61, 'keyword_mentioned': 'movie', 'message_length': 35}
2025-09-14 23:48:16 | INFO | Sent message to Kafka topic 'project_json': {'message': 'I just loved a movie! It was weird.', 'author': 'Eve', 'timestamp': '2025-09-14 23:48:16', 'category': 'entertainment', 'sentiment': 0.61, 'keyword_mentioned': 'movie', 'message_length': 35}
2025-09-14 23:48:16 | INFO | REAL 2025-09-14 23:48:16 | entertainment  | sentiment=0.61
2025-09-14 23:48:21 | INFO | REAL 2025-09-14 23:48:21 | entertainment  | sentiment=0.60
