2025-09-14 20:40:21 | INFO | {'message': 'I just shared a story! It was exciting.', 'author': 'Bob', 'timestamp': '2025-09-14 20:40:21', 'category': 'other', 'sentiment': 0.91, 'keyword_mentioned': 'other', 'message_length': 39}
2025-09-14 20:40:21 | INFO | Sent message to Kafka topic 'project_json': {'message': 'I just shared a story! It was exciting.', 'author': 'Bob', 'timestamp': '2025-09-14 20:40:21', 'category': 'other', 'sentiment': 0.91, 'keyword_mentioned': 'other', 'message_length': 39}
2025-09-14 20:40:26 | INFO | {'message': 'I just saw travel! It was funny.', 'author': 'Eve', 'timestamp': '2025-09-14 20:40:26', 'category': 'travel', 'sentiment': 0.09, 'keyword_mentioned': 'travel', 'message_length': 32}
2025-09-14 20:40:26 | INFO | Sent message to Kafka topic 'project_json': {'message': 'I just saw travel! It was funny.', 'author': 'Eve', 'timestamp': '2025-09-14 20:40:26', 'category': 'travel', 'sentiment': 0.09, 'keyword_mentioned': 'travel', 'message_length': 32}
2025-09-14 20:40:31 | INFO | {'message': 'I just found a trick! It was boring.', 'author': 'Bob', 'timestamp': '2025-09-14 20:40:31', 'category': 'other', 'sentiment': 0.08, 'keyword_mentioned': 'other', 'message_length': 36}
2025-09-14 20:40:31 | INFO | Sent message to Kafka topic 'project_json': {'message': 'I just found a trick! It was boring.', 'author': 'Bob', 'timestamp': '2025-09-14 20:40:31', 'category': 'other', 'sentiment': 0.08, 'keyword_mentioned': 'other', 'message_length': 36}
2025-09-14 20:40:36 | INFO | {'message': 'I just shared JavaScript! It was exciting.', 'author': 'Charlie', 'timestamp': '2025-09-14 20:40:36', 'category': 'tech', 'sentiment': 0.76, 'keyword_mentioned': 'JavaScript', 'message_length': 42}
2025-09-14 20:40:36 | INFO | Sent message to Kafka topic 'project_json': {'message': 'I just shared JavaScript! It was exciting.', 'author': 'Charlie', 'timestamp': '2025-09-14 20:40:36', 'category': 'tech', 'sentiment': 0.76, 'keyword_mentioned': 'JavaScript', 'message_length': 42}
2025-09-14 20:40:41 | INFO | {'message': 'I just tried an app! It was exciting.', 'author': 'Alice', 'timestamp': '2025-09-14 20:40:41', 'category': 'other', 'sentiment': 0.24, 'keyword_mentioned': 'other', 'message_length': 37}
2025-09-14 20:40:41 | INFO | Sent message to Kafka topic 'project_json': {'message': 'I just tried an app! It was exciting.', 'author': 'Alice', 'timestamp': '2025-09-14 20:40:41', 'category': 'other', 'sentiment': 0.24, 'keyword_mentioned': 'other', 'message_length': 37}
2025-09-14 20:40:46 | INFO | {'message': 'I just loved a trick! It was weird.', 'author': 'Alice', 'timestamp': '2025-09-14 20:40:46', 'category': 'other', 'sentiment': 0.46, 'keyword_mentioned': 'other', 'message_length': 35}
2025-09-14 20:40:46 | INFO | Sent message to Kafka topic 'project_json': {'message': 'I just loved a trick! It was weird.', 'author': 'Alice', 'timestamp': '2025-09-14 20:40:46', 'category': 'other', 'sentiment': 0.46, 'keyword_mentioned': 'other', 'message_length': 35}
2025-09-14 20:40:51 | INFO | {'message': 'I just saw a movie! It was amazing.', 'author': 'Eve', 'timestamp': '2025-09-14 20:40:51', 'category': 'entertainment', 'sentiment': 0.33, 'keyword_mentioned': 'movie', 'message_length': 35}
2025-09-14 20:40:51 | INFO | Sent message to Kafka topic 'project_json': {'message': 'I just saw a movie! It was amazing.', 'author': 'Eve', 'timestamp': '2025-09-14 20:40:51', 'category': 'entertainment', 'sentiment': 0.33, 'keyword_mentioned': 'movie', 'message_length': 35}
2025-09-14 20:40:56 | INFO | {'message': 'I just loved a story! It was amazing.', 'author': 'Charlie', 'timestamp': '2025-09-14 20:40:56', 'category': 'other', 'sentiment': 0.83, 'keyword_mentioned': 'other', 'message_length': 37}
2025-09-14 20:40:56 | INFO | Sent message to Kafka topic 'project_json': {'message': 'I just loved a story! It was amazing.', 'author': 'Charlie', 'timestamp': '2025-09-14 20:40:56', 'category': 'other', 'sentiment': 0.83, 'keyword_mentioned': 'other', 'message_length': 37}
2025-09-14 20:41:01 | INFO | {'message': 'I just saw an app! It was boring.', 'author': 'Bob', 'timestamp': '2025-09-14 20:41:01', 'category': 'other', 'sentiment': 0.2, 'keyword_mentioned': 'other', 'message_length': 33}
2025-09-14 20:41:01 | INFO | Sent message to Kafka topic 'project_json': {'message': 'I just saw an app! It was boring.', 'author': 'Bob', 'timestamp': '2025-09-14 20:41:01', 'category': 'other', 'sentiment': 0.2, 'keyword_mentioned': 'other', 'message_length': 33}
2025-09-14 20:41:06 | INFO | {'message': 'I just found an app! It was exciting.', 'author': 'Bob', 'timestamp': '2025-09-14 20:41:06', 'category': 'other', 'sentiment': 0.32, 'keyword_mentioned': 'other', 'message_length': 37}
2025-09-14 20:41:06 | INFO | Sent message to Kafka topic 'project_json': {'message': 'I just found an app! It was exciting.', 'author': 'Bob', 'timestamp': '2025-09-14 20:41:06', 'category': 'other', 'sentiment': 0.32, 'keyword_mentioned': 'other', 'message_length': 37}
2025-09-14 20:41:11 | INFO | {'message': 'I just tried a movie! It was weird.', 'author': 'Charlie', 'timestamp': '2025-09-14 20:41:11', 'category': 'entertainment', 'sentiment': 0.42, 'keyword_mentioned': 'movie', 'message_length': 35}
2025-09-14 20:41:11 | INFO | Sent message to Kafka topic 'project_json': {'message': 'I just tried a movie! It was weird.', 'author': 'Charlie', 'timestamp': '2025-09-14 20:41:11', 'category': 'entertainment', 'sentiment': 0.42, 'keyword_mentioned': 'movie', 'message_length': 35}
2025-09-14 20:41:16 | INFO | {'message': 'I just tried a movie! It was amazing.', 'author': 'Alice', 'timestamp': '2025-09-14 20:41:16', 'category': 'entertainment', 'sentiment': 0.52, 'keyword_mentioned': 'movie', 'message_length': 37}
2025-09-14 20:41:16 | INFO | Sent message to Kafka topic 'project_json': {'message': 'I just tried a movie! It was amazing.', 'author': 'Alice', 'timestamp': '2025-09-14 20:41:16', 'category': 'entertainment', 'sentiment': 0.52, 'keyword_mentioned': 'movie', 'message_length': 37}
2025-09-14 20:41:21 | INFO | {'message': 'I just saw an app! It was funny.', 'author': 'Bob', 'timestamp': '2025-09-14 20:41:21', 'category': 'other', 'sentiment': 0.45, 'keyword_mentioned': 'other', 'message_length': 32}
2025-09-14 20:41:21 | INFO | Sent message to Kafka topic 'project_json': {'message': 'I just saw an app! It was funny.', 'author': 'Bob', 'timestamp': '2025-09-14 20:41:21', 'category': 'other', 'sentiment': 0.45, 'keyword_mentioned': 'other', 'message_length': 32}
2025-09-14 20:41:26 | INFO | {'message': 'I just found recipe! It was funny.', 'author': 'Alice', 'timestamp': '2025-09-14 20:41:26', 'category': 'food', 'sentiment': 0.96, 'keyword_mentioned': 'recipe', 'message_length': 34}
2025-09-14 20:41:26 | INFO | Sent message to Kafka topic 'project_json': {'message': 'I just found recipe! It was funny.', 'author': 'Alice', 'timestamp': '2025-09-14 20:41:26', 'category': 'food', 'sentiment': 0.96, 'keyword_mentioned': 'recipe', 'message_length': 34}
2025-09-14 20:41:31 | INFO | {'message': 'I just found a story! It was boring.', 'author': 'Alice', 'timestamp': '2025-09-14 20:41:31', 'category': 'other', 'sentiment': 0.04, 'keyword_mentioned': 'other', 'message_length': 36}
2025-09-14 20:41:31 | INFO | Sent message to Kafka topic 'project_json': {'message': 'I just found a story! It was boring.', 'author': 'Alice', 'timestamp': '2025-09-14 20:41:31', 'category': 'other', 'sentiment': 0.04, 'keyword_mentioned': 'other', 'message_length': 36}
2025-09-14 20:41:36 | INFO | {'message': 'I just saw game! It was weird.', 'author': 'Alice', 'timestamp': '2025-09-14 20:41:36', 'category': 'gaming', 'sentiment': 0.71, 'keyword_mentioned': 'game', 'message_length': 30}
2025-09-14 20:41:36 | INFO | Sent message to Kafka topic 'project_json': {'message': 'I just saw game! It was weird.', 'author': 'Alice', 'timestamp': '2025-09-14 20:41:36', 'category': 'gaming', 'sentiment': 0.71, 'keyword_mentioned': 'game', 'message_length': 30}
2025-09-14 20:41:41 | INFO | {'message': 'I just tried travel! It was boring.', 'author': 'Alice', 'timestamp': '2025-09-14 20:41:41', 'category': 'travel', 'sentiment': 0.03, 'keyword_mentioned': 'travel', 'message_length': 35}
2025-09-14 20:41:41 | INFO | Sent message to Kafka topic 'project_json': {'message': 'I just tried travel! It was boring.', 'author': 'Alice', 'timestamp': '2025-09-14 20:41:41', 'category': 'travel', 'sentiment': 0.03, 'keyword_mentioned': 'travel', 'message_length': 35}
2025-09-14 20:41:46 | INFO | {'message': 'I just tried an app! It was exciting.', 'author': 'Charlie', 'timestamp': '2025-09-14 20:41:46', 'category': 'other', 'sentiment': 0.09, 'keyword_mentioned': 'other', 'message_length': 37}
2025-09-14 20:41:46 | INFO | Sent message to Kafka topic 'project_json': {'message': 'I just tried an app! It was exciting.', 'author': 'Charlie', 'timestamp': '2025-09-14 20:41:46', 'category': 'other', 'sentiment': 0.09, 'keyword_mentioned': 'other', 'message_length': 37}
2025-09-14 20:41:51 | INFO | {'message': 'I just tried a story! It was amazing.', 'author': 'Charlie', 'timestamp': '2025-09-14 20:41:51', 'category': 'other', 'sentiment': 0.37, 'keyword_mentioned': 'other', 'message_length': 37}
2025-09-14 20:41:51 | INFO | Sent message to Kafka topic 'project_json': {'message': 'I just tried a story! It was amazing.', 'author': 'Charlie', 'timestamp': '2025-09-14 20:41:51', 'category': 'other', 'sentiment': 0.37, 'keyword_mentioned': 'other', 'message_length': 37}
2025-09-14 20:41:56 | INFO | {'message': 'I just saw an app! It was boring.', 'author': 'Alice', 'timestamp': '2025-09-14 20:41:56', 'category': 'other', 'sentiment': 0.61, 'keyword_mentioned': 'other', 'message_length': 33}
2025-09-14 20:41:56 | INFO | Sent message to Kafka topic 'project_json': {'message': 'I just saw an app! It was boring.', 'author': 'Alice', 'timestamp': '2025-09-14 20:41:56', 'category': 'other', 'sentiment': 0.61, 'keyword_mentioned': 'other', 'message_length': 33}
2025-09-14 20:42:01 | INFO | {'message': 'I just found a story! It was weird.', 'author': 'Alice', 'timestamp': '2025-09-14 20:42:01', 'category': 'other', 'sentiment': 0.56, 'keyword_mentioned': 'other', 'message_length': 35}
2025-09-14 20:42:01 | INFO | Sent message to Kafka topic 'project_json': {'message': 'I just found a story! It was weird.', 'author': 'Alice', 'timestamp': '2025-09-14 20:42:01', 'category': 'other', 'sentiment': 0.56, 'keyword_mentioned': 'other', 'message_length': 35}
2025-09-14 20:42:06 | INFO | {'message': 'I just shared game! It was amazing.', 'author': 'Charlie', 'timestamp': '2025-09-14 20:42:06', 'category': 'gaming', 'sentiment': 0.4, 'keyword_mentioned': 'game', 'message_length': 35}
2025-09-14 20:42:06 | INFO | Sent message to Kafka topic 'project_json': {'message': 'I just shared game! It was amazing.', 'author': 'Charlie', 'timestamp': '2025-09-14 20:42:06', 'category': 'gaming', 'sentiment': 0.4, 'keyword_mentioned': 'game', 'message_length': 35}
2025-09-14 20:42:11 | INFO | {'message': 'I just tried a story! It was funny.', 'author': 'Alice', 'timestamp': '2025-09-14 20:42:11', 'category': 'other', 'sentiment': 0.34, 'keyword_mentioned': 'other', 'message_length': 35}
2025-09-14 20:42:11 | INFO | Sent message to Kafka topic 'project_json': {'message': 'I just tried a story! It was funny.', 'author': 'Alice', 'timestamp': '2025-09-14 20:42:11', 'category': 'other', 'sentiment': 0.34, 'keyword_mentioned': 'other', 'message_length': 35}
2025-09-14 20:42:16 | INFO | {'message': 'I just found a meme! It was weird.', 'author': 'Alice', 'timestamp': '2025-09-14 20:42:16', 'category': 'humor', 'sentiment': 0.66, 'keyword_mentioned': 'meme', 'message_length': 34}
2025-09-14 20:42:16 | INFO | Sent message to Kafka topic 'project_json': {'message': 'I just found a meme! It was weird.', 'author': 'Alice', 'timestamp': '2025-09-14 20:42:16', 'category': 'humor', 'sentiment': 0.66, 'keyword_mentioned': 'meme', 'message_length': 34}
2025-09-14 20:42:21 | INFO | {'message': 'I just saw Python! It was funny.', 'author': 'Charlie', 'timestamp': '2025-09-14 20:42:21', 'category': 'tech', 'sentiment': 0.52, 'keyword_mentioned': 'Python', 'message_length': 32}
2025-09-14 20:42:21 | INFO | Sent message to Kafka topic 'project_json': {'message': 'I just saw Python! It was funny.', 'author': 'Charlie', 'timestamp': '2025-09-14 20:42:21', 'category': 'tech', 'sentiment': 0.52, 'keyword_mentioned': 'Python', 'message_length': 32}
2025-09-14 20:42:26 | INFO | {'message': 'I just tried a movie! It was weird.', 'author': 'Charlie', 'timestamp': '2025-09-14 20:42:26', 'category': 'entertainment', 'sentiment': 0.61, 'keyword_mentioned': 'movie', 'message_length': 35}
2025-09-14 20:42:26 | INFO | Sent message to Kafka topic 'project_json': {'message': 'I just tried a movie! It was weird.', 'author': 'Charlie', 'timestamp': '2025-09-14 20:42:26', 'category': 'entertainment', 'sentiment': 0.61, 'keyword_mentioned': 'movie', 'message_length': 35}
2025-09-14 20:42:31 | INFO | {'message': 'I just loved a trick! It was funny.', 'author': 'Eve', 'timestamp': '2025-09-14 20:42:31', 'category': 'other', 'sentiment': 0.45, 'keyword_mentioned': 'other', 'message_length': 35}
2025-09-14 20:42:31 | INFO | Sent message to Kafka topic 'project_json': {'message': 'I just loved a trick! It was funny.', 'author': 'Eve', 'timestamp': '2025-09-14 20:42:31', 'category': 'other', 'sentiment': 0.45, 'keyword_mentioned': 'other', 'message_length': 35}
2025-09-14 20:42:36 | INFO | {'message': 'I just saw a movie! It was funny.', 'author': 'Eve', 'timestamp': '2025-09-14 20:42:36', 'category': 'entertainment', 'sentiment': 0.43, 'keyword_mentioned': 'movie', 'message_length': 33}
2025-09-14 20:42:36 | INFO | Sent message to Kafka topic 'project_json': {'message': 'I just saw a movie! It was funny.', 'author': 'Eve', 'timestamp': '2025-09-14 20:42:36', 'category': 'entertainment', 'sentiment': 0.43, 'keyword_mentioned': 'movie', 'message_length': 33}
2025-09-14 20:42:41 | INFO | {'message': 'I just saw Python! It was amazing.', 'author': 'Eve', 'timestamp': '2025-09-14 20:42:41', 'category': 'tech', 'sentiment': 0.95, 'keyword_mentioned': 'Python', 'message_length': 34}
2025-09-14 20:42:41 | INFO | Sent message to Kafka topic 'project_json': {'message': 'I just saw Python! It was amazing.', 'author': 'Eve', 'timestamp': '2025-09-14 20:42:41', 'category': 'tech', 'sentiment': 0.95, 'keyword_mentioned': 'Python', 'message_length': 34}
2025-09-14 20:42:46 | INFO | {'message': 'I just loved a story! It was boring.', 'author': 'Bob', 'timestamp': '2025-09-14 20:42:46', 'category': 'other', 'sentiment': 0.84, 'keyword_mentioned': 'other', 'message_length': 36}
2025-09-14 20:42:46 | INFO | Sent message to Kafka topic 'project_json': {'message': 'I just loved a story! It was boring.', 'author': 'Bob', 'timestamp': '2025-09-14 20:42:46', 'category': 'other', 'sentiment': 0.84, 'keyword_mentioned': 'other', 'message_length': 36}
2025-09-14 20:42:51 | INFO | {'message': 'I just tried travel! It was funny.', 'author': 'Bob', 'timestamp': '2025-09-14 20:42:51', 'category': 'travel', 'sentiment': 0.07, 'keyword_mentioned': 'travel', 'message_length': 34}
2025-09-14 20:42:51 | INFO | Sent message to Kafka topic 'project_json': {'message': 'I just tried travel! It was funny.', 'author': 'Bob', 'timestamp': '2025-09-14 20:42:51', 'category': 'travel', 'sentiment': 0.07, 'keyword_mentioned': 'travel', 'message_length': 34}
2025-09-14 20:42:56 | INFO | {'message': 'I just tried Python! It was boring.', 'author': 'Bob', 'timestamp': '2025-09-14 20:42:56', 'category': 'tech', 'sentiment': 0.16, 'keyword_mentioned': 'Python', 'message_length': 35}
2025-09-14 20:42:56 | INFO | Sent message to Kafka topic 'project_json': {'message': 'I just tried Python! It was boring.', 'author': 'Bob', 'timestamp': '2025-09-14 20:42:56', 'category': 'tech', 'sentiment': 0.16, 'keyword_mentioned': 'Python', 'message_length': 35}
2025-09-14 20:43:01 | INFO | {'message': 'I just tried game! It was funny.', 'author': 'Eve', 'timestamp': '2025-09-14 20:43:01', 'category': 'gaming', 'sentiment': 0.35, 'keyword_mentioned': 'game', 'message_length': 32}
2025-09-14 20:43:01 | INFO | Sent message to Kafka topic 'project_json': {'message': 'I just tried game! It was funny.', 'author': 'Eve', 'timestamp': '2025-09-14 20:43:01', 'category': 'gaming', 'sentiment': 0.35, 'keyword_mentioned': 'game', 'message_length': 32}
2025-09-14 20:43:06 | INFO | {'message': 'I just shared a movie! It was boring.', 'author': 'Charlie', 'timestamp': '2025-09-14 20:43:06', 'category': 'entertainment', 'sentiment': 0.84, 'keyword_mentioned': 'movie', 'message_length': 37}
2025-09-14 20:43:06 | INFO | Sent message to Kafka topic 'project_json': {'message': 'I just shared a movie! It was boring.', 'author': 'Charlie', 'timestamp': '2025-09-14 20:43:06', 'category': 'entertainment', 'sentiment': 0.84, 'keyword_mentioned': 'movie', 'message_length': 37}
2025-09-14 20:43:11 | INFO | {'message': 'I just tried JavaScript! It was boring.', 'author': 'Alice', 'timestamp': '2025-09-14 20:43:11', 'category': 'tech', 'sentiment': 0.87, 'keyword_mentioned': 'JavaScript', 'message_length': 39}
2025-09-14 20:43:11 | INFO | Sent message to Kafka topic 'project_json': {'message': 'I just tried JavaScript! It was boring.', 'author': 'Alice', 'timestamp': '2025-09-14 20:43:11', 'category': 'tech', 'sentiment': 0.87, 'keyword_mentioned': 'JavaScript', 'message_length': 39}
2025-09-14 20:43:16 | INFO | {'message': 'I just found a meme! It was boring.', 'author': 'Bob', 'timestamp': '2025-09-14 20:43:16', 'category': 'humor', 'sentiment': 0.25, 'keyword_mentioned': 'meme', 'message_length': 35}
2025-09-14 20:43:16 | INFO | Sent message to Kafka topic 'project_json': {'message': 'I just found a meme! It was boring.', 'author': 'Bob', 'timestamp': '2025-09-14 20:43:16', 'category': 'humor', 'sentiment': 0.25, 'keyword_mentioned': 'meme', 'message_length': 35}
2025-09-14 20:43:21 | INFO | {'message': 'I just saw JavaScript! It was amazing.', 'author': 'Alice', 'timestamp': '2025-09-14 20:43:21', 'category': 'tech', 'sentiment': 0.32, 'keyword_mentioned': 'JavaScript', 'message_length': 38}
2025-09-14 20:43:21 | INFO | Sent message to Kafka topic 'project_json': {'message': 'I just saw JavaScript! It was amazing.', 'author': 'Alice', 'timestamp': '2025-09-14 20:43:21', 'category': 'tech', 'sentiment': 0.32, 'keyword_mentioned': 'JavaScript', 'message_length': 38}
2025-09-14 20:43:26 | INFO | {'message': 'I just saw an app! It was boring.', 'author': 'Eve', 'timestamp': '2025-09-14 20:43:26', 'category': 'other', 'sentiment': 0.78, 'keyword_mentioned': 'other', 'message_length': 33}
2025-09-14 20:43:26 | INFO | Sent message to Kafka topic 'project_json': {'message': 'I just saw an app! It was boring.', 'author': 'Eve', 'timestamp': '2025-09-14 20:43:26', 'category': 'other', 'sentiment': 0.78, 'keyword_mentioned': 'other', 'message_length': 33}
2025-09-14 20:43:31 | INFO | {'message': 'I just loved Python! It was weird.', 'author': 'Charlie', 'timestamp': '2025-09-14 20:43:31', 'category': 'tech', 'sentiment': 0.01, 'keyword_mentioned': 'Python', 'message_length': 34}
2025-09-14 20:43:31 | INFO | Sent message to Kafka topic 'project_json': {'message': 'I just loved Python! It was weird.', 'author': 'Charlie', 'timestamp': '2025-09-14 20:43:31', 'category': 'tech', 'sentiment': 0.01, 'keyword_mentioned': 'Python', 'message_length': 34}
2025-09-14 20:43:36 | INFO | {'message': 'I just tried JavaScript! It was exciting.', 'author': 'Bob', 'timestamp': '2025-09-14 20:43:36', 'category': 'tech', 'sentiment': 0.05, 'keyword_mentioned': 'JavaScript', 'message_length': 41}
2025-09-14 20:43:36 | INFO | Sent message to Kafka topic 'project_json': {'message': 'I just tried JavaScript! It was exciting.', 'author': 'Bob', 'timestamp': '2025-09-14 20:43:36', 'category': 'tech', 'sentiment': 0.05, 'keyword_mentioned': 'JavaScript', 'message_length': 41}
2025-09-14 20:43:41 | INFO | {'message': 'I just shared a meme! It was boring.', 'author': 'Bob', 'timestamp': '2025-09-14 20:43:41', 'category': 'humor', 'sentiment': 0.81, 'keyword_mentioned': 'meme', 'message_length': 36}
2025-09-14 20:43:41 | INFO | Sent message to Kafka topic 'project_json': {'message': 'I just shared a meme! It was boring.', 'author': 'Bob', 'timestamp': '2025-09-14 20:43:41', 'category': 'humor', 'sentiment': 0.81, 'keyword_mentioned': 'meme', 'message_length': 36}
2025-09-14 20:43:46 | INFO | {'message': 'I just shared a meme! It was weird.', 'author': 'Charlie', 'timestamp': '2025-09-14 20:43:46', 'category': 'humor', 'sentiment': 0.48, 'keyword_mentioned': 'meme', 'message_length': 35}
2025-09-14 20:43:46 | INFO | Sent message to Kafka topic 'project_json': {'message': 'I just shared a meme! It was weird.', 'author': 'Charlie', 'timestamp': '2025-09-14 20:43:46', 'category': 'humor', 'sentiment': 0.48, 'keyword_mentioned': 'meme', 'message_length': 35}
2025-09-14 20:43:51 | INFO | {'message': 'I just shared recipe! It was weird.', 'author': 'Charlie', 'timestamp': '2025-09-14 20:43:51', 'category': 'food', 'sentiment': 0.06, 'keyword_mentioned': 'recipe', 'message_length': 35}
2025-09-14 20:43:51 | INFO | Sent message to Kafka topic 'project_json': {'message': 'I just shared recipe! It was weird.', 'author': 'Charlie', 'timestamp': '2025-09-14 20:43:51', 'category': 'food', 'sentiment': 0.06, 'keyword_mentioned': 'recipe', 'message_length': 35}
2025-09-14 20:43:56 | INFO | {'message': 'I just saw an app! It was exciting.', 'author': 'Bob', 'timestamp': '2025-09-14 20:43:56', 'category': 'other', 'sentiment': 0.65, 'keyword_mentioned': 'other', 'message_length': 35}
2025-09-14 20:43:56 | INFO | Sent message to Kafka topic 'project_json': {'message': 'I just saw an app! It was exciting.', 'author': 'Bob', 'timestamp': '2025-09-14 20:43:56', 'category': 'other', 'sentiment': 0.65, 'keyword_mentioned': 'other', 'message_length': 35}
2025-09-14 20:44:01 | INFO | {'message': 'I just tried JavaScript! It was funny.', 'author': 'Alice', 'timestamp': '2025-09-14 20:44:01', 'category': 'tech', 'sentiment': 0.39, 'keyword_mentioned': 'JavaScript', 'message_length': 38}
2025-09-14 20:44:01 | INFO | Sent message to Kafka topic 'project_json': {'message': 'I just tried JavaScript! It was funny.', 'author': 'Alice', 'timestamp': '2025-09-14 20:44:01', 'category': 'tech', 'sentiment': 0.39, 'keyword_mentioned': 'JavaScript', 'message_length': 38}
2025-09-14 20:44:06 | INFO | {'message': 'I just tried game! It was funny.', 'author': 'Charlie', 'timestamp': '2025-09-14 20:44:06', 'category': 'gaming', 'sentiment': 0.32, 'keyword_mentioned': 'game', 'message_length': 32}
2025-09-14 20:44:06 | INFO | Sent message to Kafka topic 'project_json': {'message': 'I just tried game! It was funny.', 'author': 'Charlie', 'timestamp': '2025-09-14 20:44:06', 'category': 'gaming', 'sentiment': 0.32, 'keyword_mentioned': 'game', 'message_length': 32}
2025-09-14 20:44:11 | INFO | {'message': 'I just saw Python! It was amazing.', 'author': 'Bob', 'timestamp': '2025-09-14 20:44:11', 'category': 'tech', 'sentiment': 0.96, 'keyword_mentioned': 'Python', 'message_length': 34}
2025-09-14 20:44:11 | INFO | Sent message to Kafka topic 'project_json': {'message': 'I just saw Python! It was amazing.', 'author': 'Bob', 'timestamp': '2025-09-14 20:44:11', 'category': 'tech', 'sentiment': 0.96, 'keyword_mentioned': 'Python', 'message_length': 34}
2025-09-14 20:44:16 | INFO | {'message': 'I just shared a trick! It was exciting.', 'author': 'Bob', 'timestamp': '2025-09-14 20:44:16', 'category': 'other', 'sentiment': 0.17, 'keyword_mentioned': 'other', 'message_length': 39}
2025-09-14 20:44:16 | INFO | Sent message to Kafka topic 'project_json': {'message': 'I just shared a trick! It was exciting.', 'author': 'Bob', 'timestamp': '2025-09-14 20:44:16', 'category': 'other', 'sentiment': 0.17, 'keyword_mentioned': 'other', 'message_length': 39}
2025-09-14 20:44:21 | INFO | {'message': 'I just saw travel! It was exciting.', 'author': 'Alice', 'timestamp': '2025-09-14 20:44:21', 'category': 'travel', 'sentiment': 0.61, 'keyword_mentioned': 'travel', 'message_length': 35}
2025-09-14 20:44:21 | INFO | Sent message to Kafka topic 'project_json': {'message': 'I just saw travel! It was exciting.', 'author': 'Alice', 'timestamp': '2025-09-14 20:44:21', 'category': 'travel', 'sentiment': 0.61, 'keyword_mentioned': 'travel', 'message_length': 35}
2025-09-14 20:44:26 | INFO | {'message': 'I just found a meme! It was boring.', 'author': 'Bob', 'timestamp': '2025-09-14 20:44:26', 'category': 'humor', 'sentiment': 0.32, 'keyword_mentioned': 'meme', 'message_length': 35}
2025-09-14 20:44:26 | INFO | Sent message to Kafka topic 'project_json': {'message': 'I just found a meme! It was boring.', 'author': 'Bob', 'timestamp': '2025-09-14 20:44:26', 'category': 'humor', 'sentiment': 0.32, 'keyword_mentioned': 'meme', 'message_length': 35}
2025-09-14 20:44:31 | INFO | {'message': 'I just found an app! It was funny.', 'author': 'Alice', 'timestamp': '2025-09-14 20:44:31', 'category': 'other', 'sentiment': 0.03, 'keyword_mentioned': 'other', 'message_length': 34}
2025-09-14 20:44:31 | INFO | Sent message to Kafka topic 'project_json': {'message': 'I just found an app! It was funny.', 'author': 'Alice', 'timestamp': '2025-09-14 20:44:31', 'category': 'other', 'sentiment': 0.03, 'keyword_mentioned': 'other', 'message_length': 34}
2025-09-14 20:45:31 | INFO | Logging to file: logs/project_log.log
2025-09-14 20:45:31 | INFO | Log sanitization enabled, personal info removed
2025-09-14 20:45:32 | INFO | START project_consumer_kabore
2025-09-14 20:45:32 | INFO | Ingest mode: 'kafka'
2025-09-14 20:45:32 | INFO | [KAFKA] Topic='project_json', group='project_group', window=30
2025-09-14 20:45:32 | INFO | Kafka broker address: localhost:9092
2025-09-14 20:45:32 | INFO | Creating Kafka consumer. Topic='project_json' and group ID='project_group'.
2025-09-14 20:45:33 | INFO | Kafka consumer created successfully.
2025-09-14 20:47:52 | INFO | Logging to file: logs/project_log.log
2025-09-14 20:47:52 | INFO | Log sanitization enabled, personal info removed
2025-09-14 20:47:52 | INFO | START producer...
2025-09-14 20:47:52 | INFO | Kafka producer connected to localhost:9092
2025-09-14 20:47:52 | INFO | {'message': 'I just saw a trick! It was boring.', 'author': 'Eve', 'timestamp': '2025-09-14 20:47:52', 'category': 'other', 'sentiment': 0.03, 'keyword_mentioned': 'other', 'message_length': 34}
2025-09-14 20:47:52 | INFO | Sent message to Kafka topic 'project_json': {'message': 'I just saw a trick! It was boring.', 'author': 'Eve', 'timestamp': '2025-09-14 20:47:52', 'category': 'other', 'sentiment': 0.03, 'keyword_mentioned': 'other', 'message_length': 34}
2025-09-14 20:47:57 | INFO | {'message': 'I just tried an app! It was funny.', 'author': 'Alice', 'timestamp': '2025-09-14 20:47:57', 'category': 'other', 'sentiment': 0.81, 'keyword_mentioned': 'other', 'message_length': 34}
2025-09-14 20:47:57 | INFO | Sent message to Kafka topic 'project_json': {'message': 'I just tried an app! It was funny.', 'author': 'Alice', 'timestamp': '2025-09-14 20:47:57', 'category': 'other', 'sentiment': 0.81, 'keyword_mentioned': 'other', 'message_length': 34}
2025-09-14 20:48:02 | INFO | {'message': 'I just shared a movie! It was funny.', 'author': 'Eve', 'timestamp': '2025-09-14 20:48:02', 'category': 'entertainment', 'sentiment': 0.27, 'keyword_mentioned': 'movie', 'message_length': 36}
2025-09-14 20:48:02 | INFO | Sent message to Kafka topic 'project_json': {'message': 'I just shared a movie! It was funny.', 'author': 'Eve', 'timestamp': '2025-09-14 20:48:02', 'category': 'entertainment', 'sentiment': 0.27, 'keyword_mentioned': 'movie', 'message_length': 36}
2025-09-14 20:48:07 | INFO | {'message': 'I just shared a trick! It was weird.', 'author': 'Bob', 'timestamp': '2025-09-14 20:48:07', 'category': 'other', 'sentiment': 0.86, 'keyword_mentioned': 'other', 'message_length': 36}
2025-09-14 20:48:07 | INFO | Sent message to Kafka topic 'project_json': {'message': 'I just shared a trick! It was weird.', 'author': 'Bob', 'timestamp': '2025-09-14 20:48:07', 'category': 'other', 'sentiment': 0.86, 'keyword_mentioned': 'other', 'message_length': 36}
2025-09-14 20:48:12 | INFO | {'message': 'I just loved a story! It was exciting.', 'author': 'Bob', 'timestamp': '2025-09-14 20:48:12', 'category': 'other', 'sentiment': 0.02, 'keyword_mentioned': 'other', 'message_length': 38}
2025-09-14 20:48:12 | INFO | Sent message to Kafka topic 'project_json': {'message': 'I just loved a story! It was exciting.', 'author': 'Bob', 'timestamp': '2025-09-14 20:48:12', 'category': 'other', 'sentiment': 0.02, 'keyword_mentioned': 'other', 'message_length': 38}
2025-09-14 20:48:17 | INFO | {'message': 'I just shared an app! It was funny.', 'author': 'Alice', 'timestamp': '2025-09-14 20:48:17', 'category': 'other', 'sentiment': 0.05, 'keyword_mentioned': 'other', 'message_length': 35}
2025-09-14 20:48:17 | INFO | Sent message to Kafka topic 'project_json': {'message': 'I just shared an app! It was funny.', 'author': 'Alice', 'timestamp': '2025-09-14 20:48:17', 'category': 'other', 'sentiment': 0.05, 'keyword_mentioned': 'other', 'message_length': 35}
2025-09-14 20:48:22 | INFO | {'message': 'I just tried a story! It was amazing.', 'author': 'Charlie', 'timestamp': '2025-09-14 20:48:22', 'category': 'other', 'sentiment': 0.67, 'keyword_mentioned': 'other', 'message_length': 37}
2025-09-14 20:48:22 | INFO | Sent message to Kafka topic 'project_json': {'message': 'I just tried a story! It was amazing.', 'author': 'Charlie', 'timestamp': '2025-09-14 20:48:22', 'category': 'other', 'sentiment': 0.67, 'keyword_mentioned': 'other', 'message_length': 37}
2025-09-14 20:48:27 | INFO | {'message': 'I just tried a story! It was weird.', 'author': 'Eve', 'timestamp': '2025-09-14 20:48:27', 'category': 'other', 'sentiment': 0.94, 'keyword_mentioned': 'other', 'message_length': 35}
2025-09-14 20:48:27 | INFO | Sent message to Kafka topic 'project_json': {'message': 'I just tried a story! It was weird.', 'author': 'Eve', 'timestamp': '2025-09-14 20:48:27', 'category': 'other', 'sentiment': 0.94, 'keyword_mentioned': 'other', 'message_length': 35}
2025-09-14 20:48:32 | INFO | {'message': 'I just saw recipe! It was exciting.', 'author': 'Charlie', 'timestamp': '2025-09-14 20:48:32', 'category': 'food', 'sentiment': 0.13, 'keyword_mentioned': 'recipe', 'message_length': 35}
2025-09-14 20:48:32 | INFO | Sent message to Kafka topic 'project_json': {'message': 'I just saw recipe! It was exciting.', 'author': 'Charlie', 'timestamp': '2025-09-14 20:48:32', 'category': 'food', 'sentiment': 0.13, 'keyword_mentioned': 'recipe', 'message_length': 35}
2025-09-14 20:48:37 | INFO | {'message': 'I just saw JavaScript! It was exciting.', 'author': 'Charlie', 'timestamp': '2025-09-14 20:48:37', 'category': 'tech', 'sentiment': 0.86, 'keyword_mentioned': 'JavaScript', 'message_length': 39}
2025-09-14 20:48:37 | INFO | Sent message to Kafka topic 'project_json': {'message': 'I just saw JavaScript! It was exciting.', 'author': 'Charlie', 'timestamp': '2025-09-14 20:48:37', 'category': 'tech', 'sentiment': 0.86, 'keyword_mentioned': 'JavaScript', 'message_length': 39}
2025-09-14 20:48:42 | INFO | {'message': 'I just found game! It was exciting.', 'author': 'Eve', 'timestamp': '2025-09-14 20:48:42', 'category': 'gaming', 'sentiment': 0.29, 'keyword_mentioned': 'game', 'message_length': 35}
2025-09-14 20:48:42 | INFO | Sent message to Kafka topic 'project_json': {'message': 'I just found game! It was exciting.', 'author': 'Eve', 'timestamp': '2025-09-14 20:48:42', 'category': 'gaming', 'sentiment': 0.29, 'keyword_mentioned': 'game', 'message_length': 35}
2025-09-14 20:48:47 | INFO | {'message': 'I just saw an app! It was funny.', 'author': 'Eve', 'timestamp': '2025-09-14 20:48:47', 'category': 'other', 'sentiment': 0.06, 'keyword_mentioned': 'other', 'message_length': 32}
2025-09-14 20:48:47 | INFO | Sent message to Kafka topic 'project_json': {'message': 'I just saw an app! It was funny.', 'author': 'Eve', 'timestamp': '2025-09-14 20:48:47', 'category': 'other', 'sentiment': 0.06, 'keyword_mentioned': 'other', 'message_length': 32}
2025-09-14 20:48:52 | INFO | {'message': 'I just loved a trick! It was weird.', 'author': 'Charlie', 'timestamp': '2025-09-14 20:48:52', 'category': 'other', 'sentiment': 0.07, 'keyword_mentioned': 'other', 'message_length': 35}
2025-09-14 20:48:52 | INFO | Sent message to Kafka topic 'project_json': {'message': 'I just loved a trick! It was weird.', 'author': 'Charlie', 'timestamp': '2025-09-14 20:48:52', 'category': 'other', 'sentiment': 0.07, 'keyword_mentioned': 'other', 'message_length': 35}
2025-09-14 20:48:57 | INFO | {'message': 'I just saw an app! It was exciting.', 'author': 'Charlie', 'timestamp': '2025-09-14 20:48:57', 'category': 'other', 'sentiment': 0.6, 'keyword_mentioned': 'other', 'message_length': 35}
2025-09-14 20:48:57 | INFO | Sent message to Kafka topic 'project_json': {'message': 'I just saw an app! It was exciting.', 'author': 'Charlie', 'timestamp': '2025-09-14 20:48:57', 'category': 'other', 'sentiment': 0.6, 'keyword_mentioned': 'other', 'message_length': 35}
2025-09-14 20:49:02 | INFO | {'message': 'I just found an app! It was boring.', 'author': 'Eve', 'timestamp': '2025-09-14 20:49:02', 'category': 'other', 'sentiment': 0.63, 'keyword_mentioned': 'other', 'message_length': 35}
2025-09-14 20:49:02 | INFO | Sent message to Kafka topic 'project_json': {'message': 'I just found an app! It was boring.', 'author': 'Eve', 'timestamp': '2025-09-14 20:49:02', 'category': 'other', 'sentiment': 0.63, 'keyword_mentioned': 'other', 'message_length': 35}
2025-09-14 20:49:07 | INFO | {'message': 'I just found travel! It was boring.', 'author': 'Bob', 'timestamp': '2025-09-14 20:49:07', 'category': 'travel', 'sentiment': 0.05, 'keyword_mentioned': 'travel', 'message_length': 35}
2025-09-14 20:49:07 | INFO | Sent message to Kafka topic 'project_json': {'message': 'I just found travel! It was boring.', 'author': 'Bob', 'timestamp': '2025-09-14 20:49:07', 'category': 'travel', 'sentiment': 0.05, 'keyword_mentioned': 'travel', 'message_length': 35}
2025-09-14 20:49:12 | INFO | {'message': 'I just loved Python! It was amazing.', 'author': 'Charlie', 'timestamp': '2025-09-14 20:49:12', 'category': 'tech', 'sentiment': 0.13, 'keyword_mentioned': 'Python', 'message_length': 36}
2025-09-14 20:49:12 | INFO | Sent message to Kafka topic 'project_json': {'message': 'I just loved Python! It was amazing.', 'author': 'Charlie', 'timestamp': '2025-09-14 20:49:12', 'category': 'tech', 'sentiment': 0.13, 'keyword_mentioned': 'Python', 'message_length': 36}
2025-09-14 20:49:17 | INFO | {'message': 'I just saw a meme! It was funny.', 'author': 'Bob', 'timestamp': '2025-09-14 20:49:17', 'category': 'humor', 'sentiment': 0.95, 'keyword_mentioned': 'meme', 'message_length': 32}
2025-09-14 20:49:17 | INFO | Sent message to Kafka topic 'project_json': {'message': 'I just saw a meme! It was funny.', 'author': 'Bob', 'timestamp': '2025-09-14 20:49:17', 'category': 'humor', 'sentiment': 0.95, 'keyword_mentioned': 'meme', 'message_length': 32}
2025-09-14 20:49:22 | INFO | {'message': 'I just saw game! It was funny.', 'author': 'Bob', 'timestamp': '2025-09-14 20:49:22', 'category': 'gaming', 'sentiment': 0.69, 'keyword_mentioned': 'game', 'message_length': 30}
2025-09-14 20:49:22 | INFO | Sent message to Kafka topic 'project_json': {'message': 'I just saw game! It was funny.', 'author': 'Bob', 'timestamp': '2025-09-14 20:49:22', 'category': 'gaming', 'sentiment': 0.69, 'keyword_mentioned': 'game', 'message_length': 30}
2025-09-14 20:49:27 | INFO | {'message': 'I just shared a movie! It was weird.', 'author': 'Bob', 'timestamp': '2025-09-14 20:49:27', 'category': 'entertainment', 'sentiment': 0.39, 'keyword_mentioned': 'movie', 'message_length': 36}
2025-09-14 20:49:27 | INFO | Sent message to Kafka topic 'project_json': {'message': 'I just shared a movie! It was weird.', 'author': 'Bob', 'timestamp': '2025-09-14 20:49:27', 'category': 'entertainment', 'sentiment': 0.39, 'keyword_mentioned': 'movie', 'message_length': 36}
2025-09-14 20:49:32 | INFO | {'message': 'I just loved travel! It was boring.', 'author': 'Bob', 'timestamp': '2025-09-14 20:49:32', 'category': 'travel', 'sentiment': 0.32, 'keyword_mentioned': 'travel', 'message_length': 35}
2025-09-14 20:49:32 | INFO | Sent message to Kafka topic 'project_json': {'message': 'I just loved travel! It was boring.', 'author': 'Bob', 'timestamp': '2025-09-14 20:49:32', 'category': 'travel', 'sentiment': 0.32, 'keyword_mentioned': 'travel', 'message_length': 35}
2025-09-14 20:49:37 | INFO | {'message': 'I just tried a meme! It was amazing.', 'author': 'Alice', 'timestamp': '2025-09-14 20:49:37', 'category': 'humor', 'sentiment': 0.41, 'keyword_mentioned': 'meme', 'message_length': 36}
2025-09-14 20:49:37 | INFO | Sent message to Kafka topic 'project_json': {'message': 'I just tried a meme! It was amazing.', 'author': 'Alice', 'timestamp': '2025-09-14 20:49:37', 'category': 'humor', 'sentiment': 0.41, 'keyword_mentioned': 'meme', 'message_length': 36}
2025-09-14 20:49:42 | INFO | {'message': 'I just saw travel! It was funny.', 'author': 'Alice', 'timestamp': '2025-09-14 20:49:42', 'category': 'travel', 'sentiment': 0.73, 'keyword_mentioned': 'travel', 'message_length': 32}
2025-09-14 20:49:42 | INFO | Sent message to Kafka topic 'project_json': {'message': 'I just saw travel! It was funny.', 'author': 'Alice', 'timestamp': '2025-09-14 20:49:42', 'category': 'travel', 'sentiment': 0.73, 'keyword_mentioned': 'travel', 'message_length': 32}
2025-09-14 20:49:47 | INFO | {'message': 'I just saw JavaScript! It was weird.', 'author': 'Bob', 'timestamp': '2025-09-14 20:49:47', 'category': 'tech', 'sentiment': 0.34, 'keyword_mentioned': 'JavaScript', 'message_length': 36}
2025-09-14 20:49:47 | INFO | Sent message to Kafka topic 'project_json': {'message': 'I just saw JavaScript! It was weird.', 'author': 'Bob', 'timestamp': '2025-09-14 20:49:47', 'category': 'tech', 'sentiment': 0.34, 'keyword_mentioned': 'JavaScript', 'message_length': 36}
2025-09-14 20:49:52 | INFO | {'message': 'I just shared Python! It was weird.', 'author': 'Eve', 'timestamp': '2025-09-14 20:49:52', 'category': 'tech', 'sentiment': 0.44, 'keyword_mentioned': 'Python', 'message_length': 35}
2025-09-14 20:49:52 | INFO | Sent message to Kafka topic 'project_json': {'message': 'I just shared Python! It was weird.', 'author': 'Eve', 'timestamp': '2025-09-14 20:49:52', 'category': 'tech', 'sentiment': 0.44, 'keyword_mentioned': 'Python', 'message_length': 35}
2025-09-14 20:49:57 | INFO | {'message': 'I just tried game! It was boring.', 'author': 'Charlie', 'timestamp': '2025-09-14 20:49:57', 'category': 'gaming', 'sentiment': 0.63, 'keyword_mentioned': 'game', 'message_length': 33}
2025-09-14 20:49:57 | INFO | Sent message to Kafka topic 'project_json': {'message': 'I just tried game! It was boring.', 'author': 'Charlie', 'timestamp': '2025-09-14 20:49:57', 'category': 'gaming', 'sentiment': 0.63, 'keyword_mentioned': 'game', 'message_length': 33}
2025-09-14 20:50:02 | INFO | {'message': 'I just saw a movie! It was exciting.', 'author': 'Eve', 'timestamp': '2025-09-14 20:50:02', 'category': 'entertainment', 'sentiment': 0.53, 'keyword_mentioned': 'movie', 'message_length': 36}
2025-09-14 20:50:02 | INFO | Sent message to Kafka topic 'project_json': {'message': 'I just saw a movie! It was exciting.', 'author': 'Eve', 'timestamp': '2025-09-14 20:50:02', 'category': 'entertainment', 'sentiment': 0.53, 'keyword_mentioned': 'movie', 'message_length': 36}
2025-09-14 20:50:07 | INFO | {'message': 'I just found a movie! It was boring.', 'author': 'Bob', 'timestamp': '2025-09-14 20:50:07', 'category': 'entertainment', 'sentiment': 0.77, 'keyword_mentioned': 'movie', 'message_length': 36}
2025-09-14 20:50:07 | INFO | Sent message to Kafka topic 'project_json': {'message': 'I just found a movie! It was boring.', 'author': 'Bob', 'timestamp': '2025-09-14 20:50:07', 'category': 'entertainment', 'sentiment': 0.77, 'keyword_mentioned': 'movie', 'message_length': 36}
2025-09-14 20:50:12 | INFO | {'message': 'I just loved recipe! It was amazing.', 'author': 'Charlie', 'timestamp': '2025-09-14 20:50:12', 'category': 'food', 'sentiment': 0.77, 'keyword_mentioned': 'recipe', 'message_length': 36}
2025-09-14 20:50:12 | INFO | Sent message to Kafka topic 'project_json': {'message': 'I just loved recipe! It was amazing.', 'author': 'Charlie', 'timestamp': '2025-09-14 20:50:12', 'category': 'food', 'sentiment': 0.77, 'keyword_mentioned': 'recipe', 'message_length': 36}
2025-09-14 20:50:17 | INFO | {'message': 'I just found an app! It was boring.', 'author': 'Charlie', 'timestamp': '2025-09-14 20:50:17', 'category': 'other', 'sentiment': 0.84, 'keyword_mentioned': 'other', 'message_length': 35}
2025-09-14 20:50:17 | INFO | Sent message to Kafka topic 'project_json': {'message': 'I just found an app! It was boring.', 'author': 'Charlie', 'timestamp': '2025-09-14 20:50:17', 'category': 'other', 'sentiment': 0.84, 'keyword_mentioned': 'other', 'message_length': 35}
2025-09-14 20:50:22 | INFO | {'message': 'I just found a meme! It was boring.', 'author': 'Eve', 'timestamp': '2025-09-14 20:50:22', 'category': 'humor', 'sentiment': 0.93, 'keyword_mentioned': 'meme', 'message_length': 35}
2025-09-14 20:50:22 | INFO | Sent message to Kafka topic 'project_json': {'message': 'I just found a meme! It was boring.', 'author': 'Eve', 'timestamp': '2025-09-14 20:50:22', 'category': 'humor', 'sentiment': 0.93, 'keyword_mentioned': 'meme', 'message_length': 35}
2025-09-14 20:50:27 | INFO | {'message': 'I just tried game! It was exciting.', 'author': 'Charlie', 'timestamp': '2025-09-14 20:50:27', 'category': 'gaming', 'sentiment': 0.89, 'keyword_mentioned': 'game', 'message_length': 35}
2025-09-14 20:50:27 | INFO | Sent message to Kafka topic 'project_json': {'message': 'I just tried game! It was exciting.', 'author': 'Charlie', 'timestamp': '2025-09-14 20:50:27', 'category': 'gaming', 'sentiment': 0.89, 'keyword_mentioned': 'game', 'message_length': 35}
2025-09-14 20:50:32 | INFO | {'message': 'I just saw travel! It was amazing.', 'author': 'Alice', 'timestamp': '2025-09-14 20:50:32', 'category': 'travel', 'sentiment': 0.7, 'keyword_mentioned': 'travel', 'message_length': 34}
2025-09-14 20:50:32 | INFO | Sent message to Kafka topic 'project_json': {'message': 'I just saw travel! It was amazing.', 'author': 'Alice', 'timestamp': '2025-09-14 20:50:32', 'category': 'travel', 'sentiment': 0.7, 'keyword_mentioned': 'travel', 'message_length': 34}
2025-09-14 20:50:37 | INFO | {'message': 'I just saw game! It was exciting.', 'author': 'Bob', 'timestamp': '2025-09-14 20:50:37', 'category': 'gaming', 'sentiment': 0.44, 'keyword_mentioned': 'game', 'message_length': 33}
2025-09-14 20:50:37 | INFO | Sent message to Kafka topic 'project_json': {'message': 'I just saw game! It was exciting.', 'author': 'Bob', 'timestamp': '2025-09-14 20:50:37', 'category': 'gaming', 'sentiment': 0.44, 'keyword_mentioned': 'game', 'message_length': 33}
2025-09-14 20:50:40 | INFO | Logging to file: logs/project_log.log
2025-09-14 20:50:40 | INFO | Log sanitization enabled, personal info removed
2025-09-14 20:50:41 | INFO | START project_consumer_kabore
2025-09-14 20:50:41 | INFO | Ingest mode: 'kafka'
2025-09-14 20:50:41 | INFO | [KAFKA] Topic='project_json', group='project_group', window=30
2025-09-14 20:50:41 | INFO | Kafka broker address: localhost:9092
2025-09-14 20:50:41 | INFO | Creating Kafka consumer. Topic='project_json' and group ID='project_group'.
2025-09-14 20:50:41 | INFO | Kafka consumer created successfully.
2025-09-14 20:50:42 | INFO | {'message': 'I just tried JavaScript! It was exciting.', 'author': 'Eve', 'timestamp': '2025-09-14 20:50:42', 'category': 'tech', 'sentiment': 0.21, 'keyword_mentioned': 'JavaScript', 'message_length': 41}
2025-09-14 20:50:42 | INFO | Sent message to Kafka topic 'project_json': {'message': 'I just tried JavaScript! It was exciting.', 'author': 'Eve', 'timestamp': '2025-09-14 20:50:42', 'category': 'tech', 'sentiment': 0.21, 'keyword_mentioned': 'JavaScript', 'message_length': 41}
2025-09-14 20:50:47 | INFO | {'message': 'I just saw game! It was weird.', 'author': 'Alice', 'timestamp': '2025-09-14 20:50:47', 'category': 'gaming', 'sentiment': 0.51, 'keyword_mentioned': 'game', 'message_length': 30}
2025-09-14 20:50:47 | INFO | Sent message to Kafka topic 'project_json': {'message': 'I just saw game! It was weird.', 'author': 'Alice', 'timestamp': '2025-09-14 20:50:47', 'category': 'gaming', 'sentiment': 0.51, 'keyword_mentioned': 'game', 'message_length': 30}
2025-09-14 20:50:52 | INFO | {'message': 'I just loved recipe! It was amazing.', 'author': 'Bob', 'timestamp': '2025-09-14 20:50:52', 'category': 'food', 'sentiment': 0.72, 'keyword_mentioned': 'recipe', 'message_length': 36}
2025-09-14 20:50:52 | INFO | Sent message to Kafka topic 'project_json': {'message': 'I just loved recipe! It was amazing.', 'author': 'Bob', 'timestamp': '2025-09-14 20:50:52', 'category': 'food', 'sentiment': 0.72, 'keyword_mentioned': 'recipe', 'message_length': 36}
2025-09-14 20:50:57 | INFO | {'message': 'I just found a meme! It was amazing.', 'author': 'Alice', 'timestamp': '2025-09-14 20:50:57', 'category': 'humor', 'sentiment': 0.91, 'keyword_mentioned': 'meme', 'message_length': 36}
2025-09-14 20:50:57 | INFO | Sent message to Kafka topic 'project_json': {'message': 'I just found a meme! It was amazing.', 'author': 'Alice', 'timestamp': '2025-09-14 20:50:57', 'category': 'humor', 'sentiment': 0.91, 'keyword_mentioned': 'meme', 'message_length': 36}
2025-09-14 20:51:02 | INFO | {'message': 'I just found JavaScript! It was boring.', 'author': 'Eve', 'timestamp': '2025-09-14 20:51:02', 'category': 'tech', 'sentiment': 0.9, 'keyword_mentioned': 'JavaScript', 'message_length': 39}
2025-09-14 20:51:02 | INFO | Sent message to Kafka topic 'project_json': {'message': 'I just found JavaScript! It was boring.', 'author': 'Eve', 'timestamp': '2025-09-14 20:51:02', 'category': 'tech', 'sentiment': 0.9, 'keyword_mentioned': 'JavaScript', 'message_length': 39}
2025-09-14 20:51:07 | INFO | {'message': 'I just tried recipe! It was weird.', 'author': 'Alice', 'timestamp': '2025-09-14 20:51:07', 'category': 'food', 'sentiment': 0.07, 'keyword_mentioned': 'recipe', 'message_length': 34}
2025-09-14 20:51:07 | INFO | Sent message to Kafka topic 'project_json': {'message': 'I just tried recipe! It was weird.', 'author': 'Alice', 'timestamp': '2025-09-14 20:51:07', 'category': 'food', 'sentiment': 0.07, 'keyword_mentioned': 'recipe', 'message_length': 34}
2025-09-14 20:51:12 | INFO | {'message': 'I just loved a story! It was weird.', 'author': 'Bob', 'timestamp': '2025-09-14 20:51:12', 'category': 'other', 'sentiment': 0.83, 'keyword_mentioned': 'other', 'message_length': 35}
2025-09-14 20:51:12 | INFO | Sent message to Kafka topic 'project_json': {'message': 'I just loved a story! It was weird.', 'author': 'Bob', 'timestamp': '2025-09-14 20:51:12', 'category': 'other', 'sentiment': 0.83, 'keyword_mentioned': 'other', 'message_length': 35}
2025-09-14 20:51:17 | INFO | {'message': 'I just loved a movie! It was funny.', 'author': 'Charlie', 'timestamp': '2025-09-14 20:51:17', 'category': 'entertainment', 'sentiment': 0.12, 'keyword_mentioned': 'movie', 'message_length': 35}
2025-09-14 20:51:17 | INFO | Sent message to Kafka topic 'project_json': {'message': 'I just loved a movie! It was funny.', 'author': 'Charlie', 'timestamp': '2025-09-14 20:51:17', 'category': 'entertainment', 'sentiment': 0.12, 'keyword_mentioned': 'movie', 'message_length': 35}
2025-09-14 20:51:22 | INFO | {'message': 'I just saw JavaScript! It was boring.', 'author': 'Charlie', 'timestamp': '2025-09-14 20:51:22', 'category': 'tech', 'sentiment': 0.93, 'keyword_mentioned': 'JavaScript', 'message_length': 37}
2025-09-14 20:51:22 | INFO | Sent message to Kafka topic 'project_json': {'message': 'I just saw JavaScript! It was boring.', 'author': 'Charlie', 'timestamp': '2025-09-14 20:51:22', 'category': 'tech', 'sentiment': 0.93, 'keyword_mentioned': 'JavaScript', 'message_length': 37}
2025-09-14 20:51:27 | INFO | {'message': 'I just loved a movie! It was funny.', 'author': 'Eve', 'timestamp': '2025-09-14 20:51:27', 'category': 'entertainment', 'sentiment': 0.47, 'keyword_mentioned': 'movie', 'message_length': 35}
2025-09-14 20:51:27 | INFO | Sent message to Kafka topic 'project_json': {'message': 'I just loved a movie! It was funny.', 'author': 'Eve', 'timestamp': '2025-09-14 20:51:27', 'category': 'entertainment', 'sentiment': 0.47, 'keyword_mentioned': 'movie', 'message_length': 35}
2025-09-14 20:51:32 | INFO | {'message': 'I just loved Python! It was boring.', 'author': 'Bob', 'timestamp': '2025-09-14 20:51:32', 'category': 'tech', 'sentiment': 0.36, 'keyword_mentioned': 'Python', 'message_length': 35}
2025-09-14 20:51:32 | INFO | Sent message to Kafka topic 'project_json': {'message': 'I just loved Python! It was boring.', 'author': 'Bob', 'timestamp': '2025-09-14 20:51:32', 'category': 'tech', 'sentiment': 0.36, 'keyword_mentioned': 'Python', 'message_length': 35}
2025-09-14 20:51:37 | INFO | {'message': 'I just shared Python! It was amazing.', 'author': 'Alice', 'timestamp': '2025-09-14 20:51:37', 'category': 'tech', 'sentiment': 0.79, 'keyword_mentioned': 'Python', 'message_length': 37}
